16:46:57.887 [main] INFO  com.be
21:24:35.884 [main] INFO  com.ben.client.AppUI - the welcome page
04:15:55.852 [main] INFO  com.ben.client.AppUI - the welcome page of customer
04:15:57.430 [main] INFO  com.ben.client.AppUI - the login page of customer
04:16:00.192 [main] INFO  com.ben.client.AppUI - the welcome page of customer
04:16:02.783 [main] INFO  com.ben.client.AppUI - the login page of customer
04:16:10.793 [main] INFO  com.ben.client.AppUI - the welcome page of customer
04:16:23.510 [main] INFO  com.ben.client.AppUI - the login page of customer
04:17:00.348 [main] INFO  c.b.repository.CoffeeRepositoryImpl - sql query, select * from coffees_table
04:17:15.754 [main] INFO  com.ben.client.AppUI - the welcome page of customer
06:30:27.922 [main] INFO  com.ben.client.AppUI - the welcome page of customer
06:30:30.849 [main] INFO  com.ben.client.AppUI - the login page of customer
06:30:32.493 [main] INFO  c.b.r.CustomerRepositoryImpl - sql query, select * from customers_table
06:30:33.186 [main] INFO  com.ben.util.ConnectionFactory - connection to db successful
06:30:33.213 [main] INFO  com.ben.util.ResourceCloser - connection closed
06:30:33.213 [main] INFO  com.ben.util.ResourceCloser - set closed
06:30:33.213 [main] INFO  com.ben.util.ResourceCloser - statement closed
06:30:33.213 [main] INFO  c.b.r.CustomerRepositoryImpl - sql query, select * from customers_table
06:30:33.424 [main] INFO  com.ben.util.ConnectionFactory - connection to db successful
06:30:33.440 [main] INFO  com.ben.util.ResourceCloser - connection closed
06:30:33.440 [main] INFO  com.ben.util.ResourceCloser - set closed
06:30:33.440 [main] INFO  com.ben.util.ResourceCloser - statement closed
06:30:33.440 [main] INFO  com.ben.client.AppUI - the welcome page of customer
06:30:47.666 [main] INFO  com.ben.client.AppUI - the welcome page of customer
06:30:49.370 [main] INFO  com.ben.client.AppUI - the welcome page of customer
06:30:52.189 [main] INFO  com.ben.client.AppUI - the login page of customer
06:30:54.173 [main] INFO  c.b.r.CustomerRepositoryImpl - sql query, select * from customers_table
06:30:54.894 [main] INFO  com.ben.util.ConnectionFactory - connection to db successful
06:30:54.924 [main] INFO  com.ben.util.ResourceCloser - connection closed
06:30:54.924 [main] INFO  com.ben.util.ResourceCloser - set closed
06:30:54.924 [main] INFO  com.ben.util.ResourceCloser - statement closed
06:30:54.924 [main] INFO  c.b.r.CustomerRepositoryImpl - sql query, select * from customers_table
06:30:55.171 [main] INFO  com.ben.util.ConnectionFactory - connection to db successful
06:30:55.187 [main] INFO  com.ben.util.ResourceCloser - connection closed
06:30:55.188 [main] INFO  com.ben.util.ResourceCloser - set closed
06:30:55.188 [main] INFO  com.ben.util.ResourceCloser - statement closed
06:30:55.188 [main] INFO  c.b.repository.WalletRepositoryImpl - sql query, select * from accounts_table where account_to_customer_id = customer.getCustomerID()
06:30:55.423 [main] INFO  com.ben.util.ConnectionFactory - connection to db successful
06:30:55.438 [main] INFO  com.ben.util.ResourceCloser - connection closed
06:30:55.438 [main] INFO  com.ben.util.ResourceCloser - set closed
06:30:55.438 [main] INFO  com.ben.util.ResourceCloser - statement closed
06:31:10.531 [main] INFO  c.b.r.CustomerRepositoryImpl - sql query, select * from profiles_table where profile_to_customers_id = customerID
06:31:10.705 [main] INFO  com.ben.util.ConnectionFactory - connection to db successful
06:31:10.718 [main] INFO  com.ben.util.ResourceCloser - connection closed
06:31:10.719 [main] INFO  com.ben.util.ResourceCloser - set closed
06:31:10.719 [main] INFO  com.ben.util.ResourceCloser - statement closed
06:31:15.177 [main] INFO  c.b.repository.WalletRepositoryImpl - sql query, insert into profile_table_accounts_table values(?, ?);
06:31:15.395 [main] INFO  com.ben.util.ConnectionFactory - connection to db successful
06:31:15.427 [main] INFO  com.ben.util.ResourceCloser - connection closed
06:31:15.427 [main] INFO  com.ben.util.ResourceCloser - statement closed
06:32:11.421 [main] INFO  com.ben.client.AppUI - the welcome page of customer
06:32:12.961 [main] INFO  com.ben.client.AppUI - the login page of customer
06:32:14.355 [main] INFO  c.b.r.CustomerRepositoryImpl - sql query, select * from customers_table
06:32:15.154 [main] INFO  com.ben.util.ConnectionFactory - connection to db successful
06:32:15.193 [main] INFO  com.ben.util.ResourceCloser - connection closed
06:32:15.194 [main] INFO  com.ben.util.ResourceCloser - set closed
06:32:15.194 [main] INFO  com.ben.util.ResourceCloser - statement closed
06:32:15.194 [main] INFO  c.b.r.CustomerRepositoryImpl - sql query, select * from customers_table
06:32:15.443 [main] INFO  com.ben.util.ConnectionFactory - connection to db successful
06:32:15.458 [main] INFO  com.ben.util.ResourceCloser - connection closed
06:32:15.458 [main] INFO  com.ben.util.ResourceCloser - set closed
06:32:15.458 [main] INFO  com.ben.util.ResourceCloser - statement closed
06:32:15.459 [main] INFO  c.b.repository.WalletRepositoryImpl - sql query, select * from accounts_table where account_to_customer_id = customer.getCustomerID()
06:32:15.685 [main] INFO  com.ben.util.ConnectionFactory - connection to db successful
06:32:15.702 [main] INFO  com.ben.util.ResourceCloser - connection closed
06:32:15.702 [main] INFO  com.ben.util.ResourceCloser - set closed
06:32:15.702 [main] INFO  com.ben.util.ResourceCloser - statement closed
06:32:24.475 [main] INFO  c.b.repository.WalletRepositoryImpl - sql query, select * from accounts_table where account_to_customer_id = customer.getCustomerID()
06:32:24.679 [main] INFO  com.ben.util.ConnectionFactory - connection to db successful
06:32:24.694 [main] INFO  com.ben.util.ResourceCloser - connection closed
06:32:24.694 [main] INFO  com.ben.util.ResourceCloser - set closed
06:32:24.694 [main] INFO  com.ben.util.ResourceCloser - statement closed
06:32:27.211 [main] INFO  com.ben.client.AppUI - the welcome page of customer
06:32:29.184 [main] INFO  com.ben.client.AppUI - the login page of customer
06:32:30.930 [main] INFO  c.b.r.CustomerRepositoryImpl - sql query, select * from customers_table
06:32:31.112 [main] INFO  com.ben.util.ConnectionFactory - connection to db successful
06:32:31.124 [main] INFO  com.ben.util.ResourceCloser - connection closed
06:32:31.124 [main] INFO  com.ben.util.ResourceCloser - set closed
06:32:31.124 [main] INFO  com.ben.util.ResourceCloser - statement closed
06:32:31.124 [main] INFO  c.b.r.CustomerRepositoryImpl - sql query, select * from customers_table
06:32:31.334 [main] INFO  com.ben.util.ConnectionFactory - connection to db successful
06:32:31.349 [main] INFO  com.ben.util.ResourceCloser - connection closed
06:32:31.349 [main] INFO  com.ben.util.ResourceCloser - set closed
06:32:31.349 [main] INFO  com.ben.util.ResourceCloser - statement closed
06:32:31.349 [main] INFO  c.b.repository.WalletRepositoryImpl - sql query, select * from accounts_table where account_to_customer_id = customer.getCustomerID()
06:32:31.550 [main] INFO  com.ben.util.ConnectionFactory - connection to db successful
06:32:31.565 [main] INFO  com.ben.util.ResourceCloser - connection closed
06:32:31.565 [main] INFO  com.ben.util.ResourceCloser - set closed
06:32:31.565 [main] INFO  com.ben.util.ResourceCloser - statement closed
06:33:27.135 [main] INFO  com.ben.client.AppUI - the welcome page of customer
06:33:42.438 [main] INFO  com.ben.client.AppUI - the welcome page of customer
06:43:18.554 [main] INFO  com.ben.client.AppUI - the welcome page of customer
07:06:24.359 [main] INFO  com.ben.client.AppUI - the welcome page of customer
07:20:44.906 [main] INFO  com.ben.client.AppUI - the login page of customer
07:20:46.199 [main] INFO  c.b.r.CustomerRepositoryImpl - sql query, select * from customers_table
07:20:46.931 [main] INFO  com.ben.util.ConnectionFactory - connection to db successful
07:20:46.959 [main] INFO  com.ben.util.ResourceCloser - connection closed
07:20:46.960 [main] INFO  com.ben.util.ResourceCloser - set closed
07:20:46.960 [main] INFO  com.ben.util.ResourceCloser - statement closed
07:20:46.960 [main] INFO  c.b.r.CustomerRepositoryImpl - sql query, select * from customers_table
07:20:47.158 [main] INFO  com.ben.util.ConnectionFactory - connection to db successful
07:20:47.172 [main] INFO  com.ben.util.ResourceCloser - connection closed
07:20:47.172 [main] INFO  com.ben.util.ResourceCloser - set closed
07:20:47.172 [main] INFO  com.ben.util.ResourceCloser - statement closed
07:20:47.173 [main] INFO  c.b.repository.WalletRepositoryImpl - sql query, select * from accounts_table where account_to_customer_id = customer.getCustomerID()
07:20:47.369 [main] INFO  com.ben.util.ConnectionFactory - connection to db successful
07:20:47.383 [main] INFO  com.ben.util.ResourceCloser - connection closed
07:20:47.383 [main] INFO  com.ben.util.ResourceCloser - set closed
07:20:47.383 [main] INFO  com.ben.util.ResourceCloser - statement closed
07:21:11.957 [main] INFO  c.b.repository.ProfileRepositoryImpl - sql query, insert into profiles_table (profile_to_customers_id, profile_username, profile_isMainProfile) values(?, ?, ?)
07:21:12.132 [main] INFO  com.ben.util.ConnectionFactory - connection to db successful
07:21:12.157 [main] INFO  com.ben.util.ResourceCloser - connection closed
07:21:12.157 [main] INFO  com.ben.util.ResourceCloser - statement closed
07:21:12.158 [main] INFO  c.b.repository.WalletRepositoryImpl - sql query, select * from accounts_table where account_to_customer_id = customer.getCustomerID()
07:21:12.371 [main] INFO  com.ben.util.ConnectionFactory - connection to db successful
07:21:12.385 [main] INFO  com.ben.util.ResourceCloser - connection closed
07:21:12.385 [main] INFO  com.ben.util.ResourceCloser - set closed
07:21:12.385 [main] INFO  com.ben.util.ResourceCloser - statement closed
07:21:26.043 [main] INFO  c.b.repository.WalletRepositoryImpl - sql query, select * from accounts_table where account_to_customer_id = customer.getCustomerID()
07:21:26.246 [main] INFO  com.ben.util.ConnectionFactory - connection to db successful
07:21:26.260 [main] INFO  com.ben.util.ResourceCloser - connection closed
07:21:26.260 [main] INFO  com.ben.util.ResourceCloser - set closed
07:21:26.260 [main] INFO  com.ben.util.ResourceCloser - statement closed
07:22:15.215 [main] INFO  com.ben.client.AppUI - the welcome page of customer
07:22:17.859 [main] INFO  com.ben.client.AppUI - the login page of customer
07:22:19.594 [main] INFO  c.b.r.CustomerRepositoryImpl - sql query, select * from customers_table
07:22:20.343 [main] INFO  com.ben.util.ConnectionFactory - connection to db successful
07:22:20.373 [main] INFO  com.ben.util.ResourceCloser - connection closed
07:22:20.373 [main] INFO  com.ben.util.ResourceCloser - set closed
07:22:20.374 [main] INFO  com.ben.util.ResourceCloser - statement closed
07:22:20.374 [main] INFO  c.b.r.CustomerRepositoryImpl - sql query, select * from customers_table
07:22:20.592 [main] INFO  com.ben.util.ConnectionFactory - connection to db successful
07:22:20.609 [main] INFO  com.ben.util.ResourceCloser - connection closed
07:22:20.609 [main] INFO  com.ben.util.ResourceCloser - set closed
07:22:20.609 [main] INFO  com.ben.util.ResourceCloser - statement closed
07:22:20.609 [main] INFO  c.b.repository.WalletRepositoryImpl - sql query, select * from accounts_table where account_to_customer_id = customer.getCustomerID()
07:22:20.810 [main] INFO  com.ben.util.ConnectionFactory - connection to db successful
07:22:20.826 [main] INFO  com.ben.util.ResourceCloser - connection closed
07:22:20.826 [main] INFO  com.ben.util.ResourceCloser - set closed
07:22:20.826 [main] INFO  com.ben.util.ResourceCloser - statement closed
07:23:15.584 [main] INFO  com.ben.client.AppUI - the welcome page of customer
07:23:18.886 [main] INFO  com.ben.client.AppUI - the login page of customer
07:23:20.224 [main] INFO  c.b.r.CustomerRepositoryImpl - sql query, select * from customers_table
07:23:20.951 [main] INFO  com.ben.util.ConnectionFactory - connection to db successful
07:23:20.978 [main] INFO  com.ben.util.ResourceCloser - connection closed
07:23:20.979 [main] INFO  com.ben.util.ResourceCloser - set closed
07:23:20.979 [main] INFO  com.ben.util.ResourceCloser - statement closed
07:23:20.979 [main] INFO  c.b.r.CustomerRepositoryImpl - sql query, select * from customers_table
07:23:21.165 [main] INFO  com.ben.util.ConnectionFactory - connection to db successful
07:23:21.178 [main] INFO  com.ben.util.ResourceCloser - connection closed
07:23:21.178 [main] INFO  com.ben.util.ResourceCloser - set closed
07:23:21.178 [main] INFO  com.ben.util.ResourceCloser - statement closed
07:23:21.178 [main] INFO  c.b.repository.WalletRepositoryImpl - sql query, select * from accounts_table where account_to_customer_id = customer.getCustomerID()
07:23:21.391 [main] INFO  com.ben.util.ConnectionFactory - connection to db successful
07:23:21.409 [main] INFO  com.ben.util.ResourceCloser - connection closed
07:23:21.409 [main] INFO  com.ben.util.ResourceCloser - set closed
07:23:21.409 [main] INFO  com.ben.util.ResourceCloser - statement closed
07:36:30.363 [main] INFO  com.ben.client.AppUI - the welcome page of customer
07:36:31.752 [main] INFO  com.ben.client.AppUI - the login page of customer
07:36:33.094 [main] INFO  c.b.r.CustomerRepositoryImpl - sql query, select * from customers_table
07:36:33.840 [main] INFO  com.ben.util.ConnectionFactory - connection to db successful
07:36:33.870 [main] INFO  com.ben.util.ResourceCloser - connection closed
07:36:33.871 [main] INFO  com.ben.util.ResourceCloser - set closed
07:36:33.871 [main] INFO  com.ben.util.ResourceCloser - statement closed
07:36:33.871 [main] INFO  c.b.r.CustomerRepositoryImpl - sql query, select * from customers_table
07:36:34.083 [main] INFO  com.ben.util.ConnectionFactory - connection to db successful
07:36:34.098 [main] INFO  com.ben.util.ResourceCloser - connection closed
07:36:34.099 [main] INFO  com.ben.util.ResourceCloser - set closed
07:36:34.099 [main] INFO  com.ben.util.ResourceCloser - statement closed
07:36:34.099 [main] INFO  c.b.repository.WalletRepositoryImpl - sql query, select * from accounts_table where account_to_customer_id = customer.getCustomerID()
07:36:34.308 [main] INFO  com.ben.util.ConnectionFactory - connection to db successful
07:36:34.325 [main] INFO  com.ben.util.ResourceCloser - connection closed
07:36:34.325 [main] INFO  com.ben.util.ResourceCloser - set closed
07:36:34.325 [main] INFO  com.ben.util.ResourceCloser - statement closed
07:36:45.158 [main] INFO  c.b.repository.WalletRepositoryImpl - sql query, insert into profile_table_accounts_table values(?, ?);
07:36:45.360 [main] INFO  com.ben.util.ConnectionFactory - connection to db successful
07:36:45.392 [main] INFO  com.ben.util.ResourceCloser - connection closed
07:36:45.393 [main] INFO  com.ben.util.ResourceCloser - statement closed
07:39:02.894 [main] INFO  com.ben.client.AppUI - the welcome page of customer
07:39:05.106 [main] INFO  com.ben.client.AppUI - the login page of customer
07:39:06.736 [main] INFO  c.b.r.CustomerRepositoryImpl - sql query, select * from customers_table
07:39:07.467 [main] INFO  com.ben.util.ConnectionFactory - connection to db successful
07:39:07.496 [main] INFO  com.ben.util.ResourceCloser - connection closed
07:39:07.496 [main] INFO  com.ben.util.ResourceCloser - set closed
07:39:07.496 [main] INFO  com.ben.util.ResourceCloser - statement closed
07:39:07.496 [main] INFO  c.b.r.CustomerRepositoryImpl - sql query, select * from customers_table
07:39:07.699 [main] INFO  com.ben.util.ConnectionFactory - connection to db successful
07:39:07.713 [main] INFO  com.ben.util.ResourceCloser - connection closed
07:39:07.713 [main] INFO  com.ben.util.ResourceCloser - set closed
07:39:07.713 [main] INFO  com.ben.util.ResourceCloser - statement closed
07:39:07.714 [main] INFO  c.b.repository.WalletRepositoryImpl - sql query, select * from accounts_table where account_to_customer_id = customer.getCustomerID()
07:39:07.896 [main] INFO  com.ben.util.ConnectionFactory - connection to db successful
07:39:07.909 [main] INFO  com.ben.util.ResourceCloser - connection closed
07:39:07.909 [main] INFO  com.ben.util.ResourceCloser - set closed
07:39:07.909 [main] INFO  com.ben.util.ResourceCloser - statement closed
07:39:17.414 [main] INFO  c.b.repository.WalletRepositoryImpl - sql query, insert into profile_table_accounts_table values(?, ?);
07:39:17.626 [main] INFO  com.ben.util.ConnectionFactory - connection to db successful
07:39:17.649 [main] INFO  com.ben.util.ResourceCloser - connection closed
07:39:17.649 [main] INFO  com.ben.util.ResourceCloser - statement closed
07:41:35.635 [main] INFO  com.ben.client.AppUI - the welcome page of customer
07:41:36.808 [main] INFO  com.ben.client.AppUI - the login page of customer
07:41:37.847 [main] INFO  c.b.r.CustomerRepositoryImpl - sql query, select * from customers_table
07:41:38.571 [main] INFO  com.ben.util.ConnectionFactory - connection to db successful
07:41:38.600 [main] INFO  com.ben.util.ResourceCloser - connection closed
07:41:38.601 [main] INFO  com.ben.util.ResourceCloser - set closed
07:41:38.601 [main] INFO  com.ben.util.ResourceCloser - statement closed
07:41:38.601 [main] INFO  c.b.r.CustomerRepositoryImpl - sql query, select * from customers_table
07:41:38.808 [main] INFO  com.ben.util.ConnectionFactory - connection to db successful
07:41:38.823 [main] INFO  com.ben.util.ResourceCloser - connection closed
07:41:38.823 [main] INFO  com.ben.util.ResourceCloser - set closed
07:41:38.823 [main] INFO  com.ben.util.ResourceCloser - statement closed
07:41:38.824 [main] INFO  c.b.repository.WalletRepositoryImpl - sql query, select * from accounts_table where account_to_customer_id = customer.getCustomerID()
07:41:39.042 [main] INFO  com.ben.util.ConnectionFactory - connection to db successful
07:41:39.059 [main] INFO  com.ben.util.ResourceCloser - connection closed
07:41:39.059 [main] INFO  com.ben.util.ResourceCloser - set closed
07:41:39.059 [main] INFO  com.ben.util.ResourceCloser - statement closed
07:41:57.263 [main] INFO  c.b.repository.WalletRepositoryImpl - sql query, insert into profile_table_accounts_table values(?, ?);
07:41:57.449 [main] INFO  com.ben.util.ConnectionFactory - connection to db successful
07:41:57.468 [main] INFO  com.ben.util.ResourceCloser - connection closed
07:41:57.468 [main] INFO  com.ben.util.ResourceCloser - statement closed
07:42:34.171 [main] INFO  com.ben.client.AppUI - the welcome page of customer
07:42:35.412 [main] INFO  com.ben.client.AppUI - the login page of customer
07:42:36.328 [main] INFO  c.b.r.CustomerRepositoryImpl - sql query, select * from customers_table
07:42:37.073 [main] INFO  com.ben.util.ConnectionFactory - connection to db successful
07:42:37.101 [main] INFO  com.ben.util.ResourceCloser - connection closed
07:42:37.101 [main] INFO  com.ben.util.ResourceCloser - set closed
07:42:37.101 [main] INFO  com.ben.util.ResourceCloser - statement closed
07:42:37.101 [main] INFO  c.b.r.CustomerRepositoryImpl - sql query, select * from customers_table
07:42:37.282 [main] INFO  com.ben.util.ConnectionFactory - connection to db successful
07:42:37.294 [main] INFO  com.ben.util.ResourceCloser - connection closed
07:42:37.294 [main] INFO  com.ben.util.ResourceCloser - set closed
07:42:37.294 [main] INFO  com.ben.util.ResourceCloser - statement closed
07:42:37.294 [main] INFO  c.b.repository.WalletRepositoryImpl - sql query, select * from accounts_table where account_to_customer_id = customer.getCustomerID()
07:42:37.489 [main] INFO  com.ben.util.ConnectionFactory - connection to db successful
07:42:37.507 [main] INFO  com.ben.util.ResourceCloser - connection closed
07:42:37.507 [main] INFO  com.ben.util.ResourceCloser - set closed
07:42:37.507 [main] INFO  com.ben.util.ResourceCloser - statement closed
07:42:49.740 [main] INFO  c.b.repository.WalletRepositoryImpl - sql query, insert into profile_table_accounts_table values(?, ?);
07:42:49.955 [main] INFO  com.ben.util.ConnectionFactory - connection to db successful
07:42:49.984 [main] INFO  com.ben.util.ResourceCloser - connection closed
07:42:49.985 [main] INFO  com.ben.util.ResourceCloser - statement closed
07:44:52.860 [main] INFO  com.ben.client.AppUI - the welcome page of customer
07:45:11.693 [main] INFO  com.ben.client.AppUI - the login page of customer
07:45:12.809 [main] INFO  c.b.r.CustomerRepositoryImpl - sql query, select * from customers_table
07:45:13.531 [main] INFO  com.ben.util.ConnectionFactory - connection to db successful
07:45:13.560 [main] INFO  com.ben.util.ResourceCloser - connection closed
07:45:13.560 [main] INFO  com.ben.util.ResourceCloser - set closed
07:45:13.560 [main] INFO  com.ben.util.ResourceCloser - statement closed
07:45:13.560 [main] INFO  c.b.r.CustomerRepositoryImpl - sql query, select * from customers_table
07:45:13.759 [main] INFO  com.ben.util.ConnectionFactory - connection to db successful
07:45:13.772 [main] INFO  com.ben.util.ResourceCloser - connection closed
07:45:13.773 [main] INFO  com.ben.util.ResourceCloser - set closed
07:45:13.773 [main] INFO  com.ben.util.ResourceCloser - statement closed
07:45:13.773 [main] INFO  c.b.repository.WalletRepositoryImpl - sql query, select * from accounts_table where account_to_customer_id = customer.getCustomerID()
07:45:13.998 [main] INFO  com.ben.util.ConnectionFactory - connection to db successful
07:45:14.015 [main] INFO  com.ben.util.ResourceCloser - connection closed
07:45:14.015 [main] INFO  com.ben.util.ResourceCloser - set closed
07:45:14.016 [main] INFO  com.ben.util.ResourceCloser - statement closed
07:45:41.453 [main] INFO  c.b.repository.WalletRepositoryImpl - sql query, select * from accounts_table where account_to_customer_id = customer.getCustomerID()
07:45:41.662 [main] INFO  com.ben.util.ConnectionFactory - connection to db successful
07:45:41.676 [main] INFO  com.ben.util.ResourceCloser - connection closed
07:45:41.676 [main] INFO  com.ben.util.ResourceCloser - set closed
07:45:41.676 [main] INFO  com.ben.util.ResourceCloser - statement closed
07:45:46.897 [main] INFO  c.b.repository.WalletRepositoryImpl - sql query, select * from accounts_table where account_to_customer_id = customer.getCustomerID()
07:45:47.105 [main] INFO  com.ben.util.ConnectionFactory - connection to db successful
07:45:47.120 [main] INFO  com.ben.util.ResourceCloser - connection closed
07:45:47.120 [main] INFO  com.ben.util.ResourceCloser - set closed
07:45:47.120 [main] INFO  com.ben.util.ResourceCloser - statement closed
07:46:02.562 [main] INFO  c.b.repository.WalletRepositoryImpl - sql query, update accounts_table set account_funds = account_funds + ? where account_username = ? 
07:46:02.759 [main] INFO  com.ben.util.ConnectionFactory - connection to db successful
07:46:02.786 [main] INFO  com.ben.util.ResourceCloser - connection closed
07:46:02.786 [main] INFO  com.ben.util.ResourceCloser - statement closed
07:46:29.843 [main] INFO  c.b.repository.WalletRepositoryImpl - sql query, select * from accounts_table where account_to_customer_id = customer.getCustomerID()
07:46:30.055 [main] INFO  com.ben.util.ConnectionFactory - connection to db successful
07:46:30.071 [main] INFO  com.ben.util.ResourceCloser - connection closed
07:46:30.071 [main] INFO  com.ben.util.ResourceCloser - set closed
07:46:30.071 [main] INFO  com.ben.util.ResourceCloser - statement closed
07:47:25.716 [main] INFO  c.b.repository.WalletRepositoryImpl - sql query, update accounts_table set account_funds = account_funds - ? where account_username = ? 
07:47:25.927 [main] INFO  com.ben.util.ConnectionFactory - connection to db successful
07:47:25.942 [main] INFO  com.ben.util.ResourceCloser - connection closed
07:47:25.942 [main] INFO  com.ben.util.ResourceCloser - statement closed
07:47:25.942 [main] INFO  c.b.repository.WalletRepositoryImpl - sql query, update accounts_table set account_funds = account_funds + ? where account_username = ? 
07:47:26.140 [main] INFO  com.ben.util.ConnectionFactory - connection to db successful
07:47:26.155 [main] INFO  com.ben.util.ResourceCloser - connection closed
07:47:26.156 [main] INFO  com.ben.util.ResourceCloser - statement closed
07:48:09.806 [main] INFO  c.b.repository.WalletRepositoryImpl - sql query, update accounts_table set account_funds = account_funds - ? where account_username = ? 
07:48:10.003 [main] INFO  com.ben.util.ConnectionFactory - connection to db successful
07:48:10.018 [main] INFO  com.ben.util.ResourceCloser - connection closed
07:48:10.019 [main] INFO  com.ben.util.ResourceCloser - statement closed
07:48:10.019 [main] INFO  c.b.repository.WalletRepositoryImpl - sql query, update accounts_table set account_funds = account_funds + ? where account_username = ? 
07:48:10.225 [main] INFO  com.ben.util.ConnectionFactory - connection to db successful
07:48:10.241 [main] INFO  com.ben.util.ResourceCloser - connection closed
07:48:10.242 [main] INFO  com.ben.util.ResourceCloser - statement closed
07:48:14.285 [main] INFO  c.b.repository.WalletRepositoryImpl - sql query, select * from accounts_table where account_to_customer_id = customer.getCustomerID()
07:48:14.475 [main] INFO  com.ben.util.ConnectionFactory - connection to db successful
07:48:14.489 [main] INFO  com.ben.util.ResourceCloser - connection closed
07:48:14.489 [main] INFO  com.ben.util.ResourceCloser - set closed
07:48:14.489 [main] INFO  com.ben.util.ResourceCloser - statement closed
07:48:47.197 [main] INFO  com.ben.client.AppUI - the welcome page of customer
07:48:47.220 [main] INFO  com.ben.client.AppUI - the welcome page of customer
07:48:48.564 [main] INFO  com.ben.client.AppUI - the welcome page of customer
07:48:48.947 [main] INFO  com.ben.client.AppUI - the welcome page of customer
07:48:50.833 [main] INFO  com.ben.client.AppUI - the login page of customer
07:48:54.204 [main] INFO  c.b.r.CustomerRepositoryImpl - sql query, select * from customers_table
07:48:54.929 [main] INFO  com.ben.util.ConnectionFactory - connection to db successful
07:48:54.960 [main] INFO  com.ben.util.ResourceCloser - connection closed
07:48:54.961 [main] INFO  com.ben.util.ResourceCloser - set closed
07:48:54.961 [main] INFO  com.ben.util.ResourceCloser - statement closed
07:48:54.961 [main] INFO  c.b.r.CustomerRepositoryImpl - sql query, select * from customers_table
07:48:55.186 [main] INFO  com.ben.util.ConnectionFactory - connection to db successful
07:48:55.205 [main] INFO  com.ben.util.ResourceCloser - connection closed
07:48:55.205 [main] INFO  com.ben.util.ResourceCloser - set closed
07:48:55.205 [main] INFO  com.ben.util.ResourceCloser - statement closed
07:48:55.205 [main] INFO  com.ben.client.AppUI - the welcome page of customer
07:48:55.909 [main] INFO  com.ben.client.AppUI - the login page of customer
07:48:56.879 [main] INFO  c.b.r.CustomerRepositoryImpl - sql query, select * from customers_table
07:48:57.075 [main] INFO  com.ben.util.ConnectionFactory - connection to db successful
07:48:57.089 [main] INFO  com.ben.util.ResourceCloser - connection closed
07:48:57.089 [main] INFO  com.ben.util.ResourceCloser - set closed
07:48:57.089 [main] INFO  com.ben.util.ResourceCloser - statement closed
07:48:57.089 [main] INFO  c.b.r.CustomerRepositoryImpl - sql query, select * from customers_table
07:48:57.268 [main] INFO  com.ben.util.ConnectionFactory - connection to db successful
07:48:57.281 [main] INFO  com.ben.util.ResourceCloser - connection closed
07:48:57.281 [main] INFO  com.ben.util.ResourceCloser - set closed
07:48:57.281 [main] INFO  com.ben.util.ResourceCloser - statement closed
07:48:57.282 [main] INFO  c.b.repository.WalletRepositoryImpl - sql query, select * from accounts_table where account_to_customer_id = customer.getCustomerID()
07:48:57.490 [main] INFO  com.ben.util.ConnectionFactory - connection to db successful
07:48:57.504 [main] INFO  com.ben.util.ResourceCloser - connection closed
07:48:57.504 [main] INFO  com.ben.util.ResourceCloser - set closed
07:48:57.504 [main] INFO  com.ben.util.ResourceCloser - statement closed
07:52:01.544 [main] INFO  c.b.r.CustomerRepositoryImpl - sql query, select * from profiles_table where profile_to_customers_id = customerID
07:52:01.803 [main] INFO  com.ben.util.ConnectionFactory - connection to db successful
07:52:01.833 [main] INFO  com.ben.util.ResourceCloser - connection closed
07:52:01.834 [main] INFO  com.ben.util.ResourceCloser - set closed
07:52:01.834 [main] INFO  com.ben.util.ResourceCloser - statement closed
07:52:26.635 [main] INFO  c.b.repository.WalletRepositoryImpl - sql query, select * from profile_table_accounts_table where profile_username = profileName
07:52:26.836 [main] INFO  com.ben.util.ConnectionFactory - connection to db successful
07:52:26.849 [main] INFO  com.ben.util.ResourceCloser - connection closed
07:52:26.850 [main] INFO  com.ben.util.ResourceCloser - set closed
07:52:26.850 [main] INFO  com.ben.util.ResourceCloser - statement closed
07:55:12.105 [main] INFO  com.ben.client.AppUI - the welcome page of customer
07:55:14.350 [main] INFO  com.ben.client.AppUI - the login page of customer
07:55:16.814 [main] INFO  c.b.r.CustomerRepositoryImpl - sql query, select * from customers_table
07:55:17.547 [main] INFO  com.ben.util.ConnectionFactory - connection to db successful
07:55:17.573 [main] INFO  com.ben.util.ResourceCloser - connection closed
07:55:17.573 [main] INFO  com.ben.util.ResourceCloser - set closed
07:55:17.573 [main] INFO  com.ben.util.ResourceCloser - statement closed
07:55:17.573 [main] INFO  c.b.r.CustomerRepositoryImpl - sql query, select * from customers_table
07:55:17.778 [main] INFO  com.ben.util.ConnectionFactory - connection to db successful
07:55:17.792 [main] INFO  com.ben.util.ResourceCloser - connection closed
07:55:17.792 [main] INFO  com.ben.util.ResourceCloser - set closed
07:55:17.792 [main] INFO  com.ben.util.ResourceCloser - statement closed
07:55:17.793 [main] INFO  c.b.repository.WalletRepositoryImpl - sql query, select * from accounts_table where account_to_customer_id = customer.getCustomerID()
07:55:18.012 [main] INFO  com.ben.util.ConnectionFactory - connection to db successful
07:55:18.029 [main] INFO  com.ben.util.ResourceCloser - connection closed
07:55:18.029 [main] INFO  com.ben.util.ResourceCloser - set closed
07:55:18.029 [main] INFO  com.ben.util.ResourceCloser - statement closed
07:55:20.538 [main] INFO  c.b.r.CustomerRepositoryImpl - sql query, select * from profiles_table where profile_to_customers_id = customerID
07:55:20.756 [main] INFO  com.ben.util.ConnectionFactory - connection to db successful
07:55:20.775 [main] INFO  com.ben.util.ResourceCloser - connection closed
07:55:20.775 [main] INFO  com.ben.util.ResourceCloser - set closed
07:55:20.775 [main] INFO  com.ben.util.ResourceCloser - statement closed
07:55:24.876 [main] INFO  c.b.repository.WalletRepositoryImpl - sql query, select * from profile_table_accounts_table where profile_username = profileName
07:55:25.095 [main] INFO  com.ben.util.ConnectionFactory - connection to db successful
07:55:25.112 [main] INFO  com.ben.util.ResourceCloser - connection closed
07:55:25.112 [main] INFO  com.ben.util.ResourceCloser - set closed
07:55:25.112 [main] INFO  com.ben.util.ResourceCloser - statement closed
07:55:57.136 [main] INFO  com.ben.client.AppUI - the welcome page of customer
07:56:05.470 [main] INFO  com.ben.client.AppUI - the login page of customer
07:56:10.304 [main] INFO  c.b.r.CustomerRepositoryImpl - sql query, select * from customers_table
07:56:18.707 [main] INFO  com.ben.util.ConnectionFactory - connection to db successful
07:56:18.793 [main] INFO  com.ben.util.ResourceCloser - connection closed
07:56:18.796 [main] INFO  com.ben.util.ResourceCloser - set closed
07:56:18.796 [main] INFO  com.ben.util.ResourceCloser - statement closed
07:56:19.404 [main] INFO  c.b.r.CustomerRepositoryImpl - sql query, select * from customers_table
07:56:24.913 [main] INFO  com.ben.util.ConnectionFactory - connection to db successful
07:56:24.950 [main] INFO  com.ben.util.ResourceCloser - connection closed
07:56:24.953 [main] INFO  com.ben.util.ResourceCloser - set closed
07:56:24.955 [main] INFO  com.ben.util.ResourceCloser - statement closed
07:56:33.060 [main] INFO  c.b.repository.WalletRepositoryImpl - sql query, select * from accounts_table where account_to_customer_id = customer.getCustomerID()
07:56:38.579 [main] INFO  com.ben.util.ConnectionFactory - connection to db successful
07:56:38.631 [main] INFO  com.ben.util.ResourceCloser - connection closed
07:56:38.634 [main] INFO  com.ben.util.ResourceCloser - set closed
07:56:38.636 [main] INFO  com.ben.util.ResourceCloser - statement closed
07:56:52.928 [main] INFO  com.ben.client.AppUI - the welcome page of customer
07:57:01.745 [main] INFO  com.ben.client.AppUI - the welcome page of customer
07:57:09.879 [main] INFO  com.ben.client.AppUI - the login page of customer
07:57:15.183 [main] INFO  c.b.r.CustomerRepositoryImpl - sql query, select * from customers_table
07:57:23.572 [main] INFO  com.ben.util.ConnectionFactory - connection to db successful
07:57:23.659 [main] INFO  com.ben.util.ResourceCloser - connection closed
07:57:23.662 [main] INFO  com.ben.util.ResourceCloser - set closed
07:57:23.663 [main] INFO  com.ben.util.ResourceCloser - statement closed
07:57:24.241 [main] INFO  c.b.r.CustomerRepositoryImpl - sql query, select * from customers_table
07:57:29.746 [main] INFO  com.ben.util.ConnectionFactory - connection to db successful
07:57:29.785 [main] INFO  com.ben.util.ResourceCloser - connection closed
07:57:29.788 [main] INFO  com.ben.util.ResourceCloser - set closed
07:57:29.790 [main] INFO  com.ben.util.ResourceCloser - statement closed
07:57:30.553 [main] INFO  c.b.repository.WalletRepositoryImpl - sql query, select * from accounts_table where account_to_customer_id = customer.getCustomerID()
07:57:36.103 [main] INFO  com.ben.util.ConnectionFactory - connection to db successful
07:57:36.158 [main] INFO  com.ben.util.ResourceCloser - connection closed
07:57:36.160 [main] INFO  com.ben.util.ResourceCloser - set closed
07:57:36.163 [main] INFO  com.ben.util.ResourceCloser - statement closed
07:57:36.168 [main] INFO  c.b.r.CustomerRepositoryImpl - sql query, select * from profiles_table where profile_to_customers_id = customerID
07:57:37.918 [main] INFO  com.ben.util.ConnectionFactory - connection to db successful
07:57:37.938 [main] INFO  com.ben.util.ResourceCloser - connection closed
07:57:37.938 [main] INFO  com.ben.util.ResourceCloser - set closed
07:57:37.939 [main] INFO  com.ben.util.ResourceCloser - statement closed
07:57:50.810 [main] INFO  c.b.repository.WalletRepositoryImpl - sql query, select * from profile_table_accounts_table where profile_username = profileName
07:57:51.320 [main] INFO  com.ben.util.ConnectionFactory - connection to db successful
07:57:51.335 [main] INFO  com.ben.util.ResourceCloser - connection closed
07:57:51.335 [main] INFO  com.ben.util.ResourceCloser - set closed
07:57:51.335 [main] INFO  com.ben.util.ResourceCloser - statement closed
07:58:24.961 [main] INFO  com.ben.client.AppUI - the welcome page of customer
07:58:26.269 [main] INFO  com.ben.client.AppUI - the login page of customer
07:58:28.060 [main] INFO  c.b.r.CustomerRepositoryImpl - sql query, select * from customers_table
07:58:28.811 [main] INFO  com.ben.util.ConnectionFactory - connection to db successful
07:58:28.841 [main] INFO  com.ben.util.ResourceCloser - connection closed
07:58:28.841 [main] INFO  com.ben.util.ResourceCloser - set closed
07:58:28.841 [main] INFO  com.ben.util.ResourceCloser - statement closed
07:58:28.841 [main] INFO  c.b.r.CustomerRepositoryImpl - sql query, select * from customers_table
07:58:29.057 [main] INFO  com.ben.util.ConnectionFactory - connection to db successful
07:58:29.072 [main] INFO  com.ben.util.ResourceCloser - connection closed
07:58:29.072 [main] INFO  com.ben.util.ResourceCloser - set closed
07:58:29.072 [main] INFO  com.ben.util.ResourceCloser - statement closed
07:58:29.073 [main] INFO  c.b.repository.WalletRepositoryImpl - sql query, select * from accounts_table where account_to_customer_id = customer.getCustomerID()
07:58:29.288 [main] INFO  com.ben.util.ConnectionFactory - connection to db successful
07:58:29.305 [main] INFO  com.ben.util.ResourceCloser - connection closed
07:58:29.305 [main] INFO  com.ben.util.ResourceCloser - set closed
07:58:29.305 [main] INFO  com.ben.util.ResourceCloser - statement closed
07:58:30.073 [main] INFO  c.b.r.CustomerRepositoryImpl - sql query, select * from profiles_table where profile_to_customers_id = customerID
07:58:30.275 [main] INFO  com.ben.util.ConnectionFactory - connection to db successful
07:58:30.289 [main] INFO  com.ben.util.ResourceCloser - connection closed
07:58:30.289 [main] INFO  com.ben.util.ResourceCloser - set closed
07:58:30.289 [main] INFO  com.ben.util.ResourceCloser - statement closed
07:58:33.177 [main] INFO  c.b.repository.WalletRepositoryImpl - sql query, select * from profile_table_accounts_table where profile_username = profileName
07:58:33.393 [main] INFO  com.ben.util.ConnectionFactory - connection to db successful
07:58:33.410 [main] INFO  com.ben.util.ResourceCloser - connection closed
07:58:33.410 [main] INFO  com.ben.util.ResourceCloser - set closed
07:58:33.410 [main] INFO  com.ben.util.ResourceCloser - statement closed
07:58:35.194 [main] INFO  c.b.repository.CoffeeRepositoryImpl - sql query, select * from coffees_table
07:58:35.382 [main] INFO  com.ben.util.ConnectionFactory - connection to db successful
07:58:35.397 [main] INFO  com.ben.util.ResourceCloser - connection closed
07:58:35.397 [main] INFO  com.ben.util.ResourceCloser - set closed
07:58:35.397 [main] INFO  com.ben.util.ResourceCloser - statement closed
07:59:43.273 [main] INFO  com.ben.client.AppUI - the welcome page of customer
08:00:49.035 [main] INFO  com.ben.client.AppUI - the welcome page of customer
08:00:50.853 [main] INFO  com.ben.client.AppUI - the login page of customer
08:00:52.388 [main] INFO  c.b.r.CustomerRepositoryImpl - sql query, select * from customers_table
08:00:53.163 [main] INFO  com.ben.util.ConnectionFactory - connection to db successful
08:00:53.193 [main] INFO  com.ben.util.ResourceCloser - connection closed
08:00:53.194 [main] INFO  com.ben.util.ResourceCloser - set closed
08:00:53.194 [main] INFO  com.ben.util.ResourceCloser - statement closed
08:00:53.194 [main] INFO  c.b.r.CustomerRepositoryImpl - sql query, select * from customers_table
08:00:53.375 [main] INFO  com.ben.util.ConnectionFactory - connection to db successful
08:00:53.388 [main] INFO  com.ben.util.ResourceCloser - connection closed
08:00:53.389 [main] INFO  com.ben.util.ResourceCloser - set closed
08:00:53.389 [main] INFO  com.ben.util.ResourceCloser - statement closed
08:00:53.389 [main] INFO  c.b.repository.WalletRepositoryImpl - sql query, select * from accounts_table where account_to_customer_id = customer.getCustomerID()
08:00:53.598 [main] INFO  com.ben.util.ConnectionFactory - connection to db successful
08:00:53.613 [main] INFO  com.ben.util.ResourceCloser - connection closed
08:00:53.614 [main] INFO  com.ben.util.ResourceCloser - set closed
08:00:53.614 [main] INFO  com.ben.util.ResourceCloser - statement closed
08:00:54.433 [main] INFO  c.b.r.CustomerRepositoryImpl - sql query, select * from profiles_table where profile_to_customers_id = customerID
08:00:54.647 [main] INFO  com.ben.util.ConnectionFactory - connection to db successful
08:00:54.664 [main] INFO  com.ben.util.ResourceCloser - connection closed
08:00:54.664 [main] INFO  com.ben.util.ResourceCloser - set closed
08:00:54.664 [main] INFO  com.ben.util.ResourceCloser - statement closed
08:00:57.782 [main] INFO  c.b.repository.WalletRepositoryImpl - sql query, select * from accounts_table where account_to_customer_id = customer.getCustomerID()
08:00:57.981 [main] INFO  com.ben.util.ConnectionFactory - connection to db successful
08:00:57.995 [main] INFO  com.ben.util.ResourceCloser - connection closed
08:00:57.995 [main] INFO  com.ben.util.ResourceCloser - set closed
08:00:57.995 [main] INFO  com.ben.util.ResourceCloser - statement closed
08:00:57.995 [main] INFO  c.b.repository.WalletRepositoryImpl - sql query, select * from profile_table_accounts_table where profile_username = profileName
08:00:58.191 [main] INFO  com.ben.util.ConnectionFactory - connection to db successful
08:00:58.204 [main] INFO  com.ben.util.ResourceCloser - connection closed
08:00:58.204 [main] INFO  com.ben.util.ResourceCloser - set closed
08:00:58.204 [main] INFO  com.ben.util.ResourceCloser - statement closed
08:01:05.119 [main] INFO  com.ben.client.AppUI - the welcome page of customer
08:01:06.334 [main] INFO  com.ben.client.AppUI - the login page of customer
08:01:07.433 [main] INFO  c.b.r.CustomerRepositoryImpl - sql query, select * from customers_table
08:01:08.198 [main] INFO  com.ben.util.ConnectionFactory - connection to db successful
08:01:08.227 [main] INFO  com.ben.util.ResourceCloser - connection closed
08:01:08.227 [main] INFO  com.ben.util.ResourceCloser - set closed
08:01:08.227 [main] INFO  com.ben.util.ResourceCloser - statement closed
08:01:08.227 [main] INFO  c.b.r.CustomerRepositoryImpl - sql query, select * from customers_table
08:01:08.411 [main] INFO  com.ben.util.ConnectionFactory - connection to db successful
08:01:08.422 [main] INFO  com.ben.util.ResourceCloser - connection closed
08:01:08.423 [main] INFO  com.ben.util.ResourceCloser - set closed
08:01:08.423 [main] INFO  com.ben.util.ResourceCloser - statement closed
08:01:08.423 [main] INFO  c.b.repository.WalletRepositoryImpl - sql query, select * from accounts_table where account_to_customer_id = customer.getCustomerID()
08:01:08.617 [main] INFO  com.ben.util.ConnectionFactory - connection to db successful
08:01:08.633 [main] INFO  com.ben.util.ResourceCloser - connection closed
08:01:08.634 [main] INFO  com.ben.util.ResourceCloser - set closed
08:01:08.634 [main] INFO  com.ben.util.ResourceCloser - statement closed
08:01:10.308 [main] INFO  c.b.r.CustomerRepositoryImpl - sql query, select * from profiles_table where profile_to_customers_id = customerID
08:01:10.511 [main] INFO  com.ben.util.ConnectionFactory - connection to db successful
08:01:10.526 [main] INFO  com.ben.util.ResourceCloser - connection closed
08:01:10.526 [main] INFO  com.ben.util.ResourceCloser - set closed
08:01:10.526 [main] INFO  com.ben.util.ResourceCloser - statement closed
08:01:13.137 [main] INFO  c.b.repository.WalletRepositoryImpl - sql query, select * from accounts_table where account_to_customer_id = customer.getCustomerID()
08:01:13.344 [main] INFO  com.ben.util.ConnectionFactory - connection to db successful
08:01:13.359 [main] INFO  com.ben.util.ResourceCloser - connection closed
08:01:13.359 [main] INFO  com.ben.util.ResourceCloser - set closed
08:01:13.359 [main] INFO  com.ben.util.ResourceCloser - statement closed
08:01:13.359 [main] INFO  c.b.repository.WalletRepositoryImpl - sql query, select * from profile_table_accounts_table where profile_username = profileName
08:01:13.546 [main] INFO  com.ben.util.ConnectionFactory - connection to db successful
08:01:13.559 [main] INFO  com.ben.util.ResourceCloser - connection closed
08:01:13.559 [main] INFO  com.ben.util.ResourceCloser - set closed
08:01:13.559 [main] INFO  com.ben.util.ResourceCloser - statement closed
08:01:22.707 [main] INFO  c.b.repository.CoffeeRepositoryImpl - sql query, select * from coffees_table
08:01:22.925 [main] INFO  com.ben.util.ConnectionFactory - connection to db successful
08:01:22.939 [main] INFO  com.ben.util.ResourceCloser - connection closed
08:01:22.940 [main] INFO  com.ben.util.ResourceCloser - set closed
08:01:22.940 [main] INFO  com.ben.util.ResourceCloser - statement closed
08:02:02.302 [main] INFO  c.b.r.CustomerRepositoryImpl - sql query, select * from profiles_table where profile_to_customers_id = customerID
08:02:02.530 [main] INFO  com.ben.util.ConnectionFactory - connection to db successful
08:02:02.546 [main] INFO  com.ben.util.ResourceCloser - connection closed
08:02:02.546 [main] INFO  com.ben.util.ResourceCloser - set closed
08:02:02.546 [main] INFO  com.ben.util.ResourceCloser - statement closed
08:02:04.520 [main] INFO  c.b.repository.WalletRepositoryImpl - sql query, select * from accounts_table where account_to_customer_id = customer.getCustomerID()
08:02:04.718 [main] INFO  com.ben.util.ConnectionFactory - connection to db successful
08:02:04.733 [main] INFO  com.ben.util.ResourceCloser - connection closed
08:02:04.733 [main] INFO  com.ben.util.ResourceCloser - set closed
08:02:04.733 [main] INFO  com.ben.util.ResourceCloser - statement closed
08:02:16.327 [main] INFO  c.b.repository.WalletRepositoryImpl - sql query, select * from accounts_table where account_to_customer_id = customer.getCustomerID()
08:02:16.547 [main] INFO  com.ben.util.ConnectionFactory - connection to db successful
08:02:16.564 [main] INFO  com.ben.util.ResourceCloser - connection closed
08:02:16.564 [main] INFO  com.ben.util.ResourceCloser - set closed
08:02:16.564 [main] INFO  com.ben.util.ResourceCloser - statement closed
08:02:18.285 [main] INFO  com.ben.client.AppUI - the welcome page of customer
08:02:25.036 [main] INFO  c.b.r.EmployeeRepositoryImpl - sql query, select * from employees_table
08:02:25.252 [main] INFO  com.ben.util.ConnectionFactory - connection to db successful
08:02:25.267 [main] INFO  com.ben.util.ResourceCloser - connection closed
08:02:25.267 [main] INFO  com.ben.util.ResourceCloser - set closed
08:02:25.267 [main] INFO  com.ben.util.ResourceCloser - statement closed
08:02:44.760 [main] INFO  c.b.repository.WalletRepositoryImpl - sql query, select * from profile_table_accounts_table
08:02:44.984 [main] INFO  com.ben.util.ConnectionFactory - connection to db successful
08:02:44.999 [main] INFO  com.ben.util.ResourceCloser - connection closed
08:02:44.999 [main] INFO  com.ben.util.ResourceCloser - set closed
08:02:44.999 [main] INFO  com.ben.util.ResourceCloser - statement closed
08:02:55.750 [main] INFO  c.b.repository.WalletRepositoryImpl - sql query, select * from accounts_table
08:02:55.945 [main] INFO  com.ben.util.ConnectionFactory - connection to db successful
08:02:55.959 [main] INFO  com.ben.util.ResourceCloser - connection closed
08:02:55.959 [main] INFO  com.ben.util.ResourceCloser - set closed
08:02:55.959 [main] INFO  com.ben.util.ResourceCloser - statement closed
08:03:02.027 [main] INFO  c.b.r.CustomerRepositoryImpl - sql query, select * from customers_table
08:03:02.246 [main] INFO  com.ben.util.ConnectionFactory - connection to db successful
08:03:02.262 [main] INFO  com.ben.util.ResourceCloser - connection closed
08:03:02.262 [main] INFO  com.ben.util.ResourceCloser - set closed
08:03:02.262 [main] INFO  com.ben.util.ResourceCloser - statement closed
08:03:22.818 [main] INFO  c.b.repository.WalletRepositoryImpl - sql query, select * from accounts_table
08:03:23.022 [main] INFO  com.ben.util.ConnectionFactory - connection to db successful
08:03:23.036 [main] INFO  com.ben.util.ResourceCloser - connection closed
08:03:23.036 [main] INFO  com.ben.util.ResourceCloser - set closed
08:03:23.036 [main] INFO  com.ben.util.ResourceCloser - statement closed
08:18:22.981 [main] INFO  com.ben.client.AppUI - the welcome page of customer
08:18:27.507 [main] INFO  com.ben.client.AppUI - the login page of customer
08:18:29.826 [main] INFO  c.b.r.CustomerRepositoryImpl - sql query, select * from customers_table
08:18:30.615 [main] INFO  com.ben.util.ConnectionFactory - connection to db successful
08:18:30.646 [main] INFO  com.ben.util.ResourceCloser - connection closed
08:18:30.646 [main] INFO  com.ben.util.ResourceCloser - set closed
08:18:30.646 [main] INFO  com.ben.util.ResourceCloser - statement closed
08:18:30.646 [main] INFO  c.b.r.CustomerRepositoryImpl - sql query, select * from customers_table
08:18:30.841 [main] INFO  com.ben.util.ConnectionFactory - connection to db successful
08:18:30.854 [main] INFO  com.ben.util.ResourceCloser - connection closed
08:18:30.854 [main] INFO  com.ben.util.ResourceCloser - set closed
08:18:30.854 [main] INFO  com.ben.util.ResourceCloser - statement closed
08:18:30.855 [main] INFO  c.b.repository.WalletRepositoryImpl - sql query, select * from accounts_table where account_to_customer_id = customer.getCustomerID()
08:18:31.054 [main] INFO  com.ben.util.ConnectionFactory - connection to db successful
08:18:31.070 [main] INFO  com.ben.util.ResourceCloser - connection closed
08:18:31.070 [main] INFO  com.ben.util.ResourceCloser - set closed
08:18:31.070 [main] INFO  com.ben.util.ResourceCloser - statement closed
08:18:31.789 [main] INFO  c.b.r.CustomerRepositoryImpl - sql query, select * from profiles_table where profile_to_customers_id = customerID
08:18:32.002 [main] INFO  com.ben.util.ConnectionFactory - connection to db successful
08:18:32.018 [main] INFO  com.ben.util.ResourceCloser - connection closed
08:18:32.018 [main] INFO  com.ben.util.ResourceCloser - set closed
08:18:32.018 [main] INFO  com.ben.util.ResourceCloser - statement closed
08:18:37.685 [main] INFO  c.b.repository.WalletRepositoryImpl - sql query, select * from accounts_table where account_to_customer_id = customer.getCustomerID()
08:18:37.897 [main] INFO  com.ben.util.ConnectionFactory - connection to db successful
08:18:37.912 [main] INFO  com.ben.util.ResourceCloser - connection closed
08:18:37.912 [main] INFO  com.ben.util.ResourceCloser - set closed
08:18:37.912 [main] INFO  com.ben.util.ResourceCloser - statement closed
08:18:37.912 [main] INFO  c.b.repository.WalletRepositoryImpl - sql query, select * from profile_table_accounts_table where profile_username = profileName
08:18:38.104 [main] INFO  com.ben.util.ConnectionFactory - connection to db successful
08:18:38.118 [main] INFO  com.ben.util.ResourceCloser - connection closed
08:18:38.118 [main] INFO  com.ben.util.ResourceCloser - set closed
08:18:38.118 [main] INFO  com.ben.util.ResourceCloser - statement closed
08:18:47.246 [main] INFO  c.b.repository.CoffeeRepositoryImpl - sql query, select * from coffees_table
08:18:47.456 [main] INFO  com.ben.util.ConnectionFactory - connection to db successful
08:18:47.471 [main] INFO  com.ben.util.ResourceCloser - connection closed
08:18:47.472 [main] INFO  com.ben.util.ResourceCloser - set closed
08:18:47.472 [main] INFO  com.ben.util.ResourceCloser - statement closed
08:18:55.087 [main] INFO  c.b.r.CustomerRepositoryImpl - sql query, select * from profiles_table where profile_to_customers_id = customerID
08:18:55.284 [main] INFO  com.ben.util.ConnectionFactory - connection to db successful
08:18:55.298 [main] INFO  com.ben.util.ResourceCloser - connection closed
08:18:55.298 [main] INFO  com.ben.util.ResourceCloser - set closed
08:18:55.298 [main] INFO  com.ben.util.ResourceCloser - statement closed
08:19:02.176 [main] INFO  c.b.repository.WalletRepositoryImpl - sql query, select * from accounts_table where account_to_customer_id = customer.getCustomerID()
08:19:02.412 [main] INFO  com.ben.util.ConnectionFactory - connection to db successful
08:19:02.425 [main] INFO  com.ben.util.ResourceCloser - connection closed
08:19:02.425 [main] INFO  com.ben.util.ResourceCloser - set closed
08:19:02.425 [main] INFO  com.ben.util.ResourceCloser - statement closed
08:19:19.137 [main] INFO  c.b.repository.ProfileRepositoryImpl - sql query, insert into profiles_table (profile_to_customers_id, profile_username, profile_isMainProfile) values(?, ?, ?)
08:19:19.331 [main] INFO  com.ben.util.ConnectionFactory - connection to db successful
08:19:19.351 [main] INFO  com.ben.util.ResourceCloser - connection closed
08:19:19.351 [main] INFO  com.ben.util.ResourceCloser - statement closed
08:19:19.352 [main] INFO  c.b.repository.WalletRepositoryImpl - sql query, select * from accounts_table where account_to_customer_id = customer.getCustomerID()
08:19:19.557 [main] INFO  com.ben.util.ConnectionFactory - connection to db successful
08:19:19.571 [main] INFO  com.ben.util.ResourceCloser - connection closed
08:19:19.571 [main] INFO  com.ben.util.ResourceCloser - set closed
08:19:19.571 [main] INFO  com.ben.util.ResourceCloser - statement closed
08:19:28.413 [main] INFO  c.b.repository.WalletRepositoryImpl - sql query, select * from accounts_table where account_to_customer_id = customer.getCustomerID()
08:19:28.596 [main] INFO  com.ben.util.ConnectionFactory - connection to db successful
08:19:28.608 [main] INFO  com.ben.util.ResourceCloser - connection closed
08:19:28.608 [main] INFO  com.ben.util.ResourceCloser - set closed
08:19:28.608 [main] INFO  com.ben.util.ResourceCloser - statement closed
08:19:36.747 [main] INFO  c.b.repository.WalletRepositoryImpl - sql query, update accounts_table set account_funds = account_funds + ? where account_username = ? 
08:19:36.953 [main] INFO  com.ben.util.ConnectionFactory - connection to db successful
08:19:36.968 [main] INFO  com.ben.util.ResourceCloser - connection closed
08:19:36.968 [main] INFO  com.ben.util.ResourceCloser - statement closed
08:19:42.150 [main] INFO  c.b.repository.WalletRepositoryImpl - sql query, select * from accounts_table where account_to_customer_id = customer.getCustomerID()
08:19:42.338 [main] INFO  com.ben.util.ConnectionFactory - connection to db successful
08:19:42.351 [main] INFO  com.ben.util.ResourceCloser - connection closed
08:19:42.351 [main] INFO  com.ben.util.ResourceCloser - set closed
08:19:42.351 [main] INFO  com.ben.util.ResourceCloser - statement closed
08:20:36.157 [main] INFO  c.b.r.CustomerRepositoryImpl - sql query, select * from profiles_table where profile_to_customers_id = customerID
08:20:36.375 [main] INFO  com.ben.util.ConnectionFactory - connection to db successful
08:20:36.407 [main] INFO  com.ben.util.ResourceCloser - connection closed
08:20:36.407 [main] INFO  com.ben.util.ResourceCloser - set closed
08:20:36.407 [main] INFO  com.ben.util.ResourceCloser - statement closed
08:20:49.474 [main] INFO  c.b.repository.WalletRepositoryImpl - sql query, insert into profile_table_accounts_table values(?, ?);
08:20:49.678 [main] INFO  com.ben.util.ConnectionFactory - connection to db successful
08:20:49.692 [main] INFO  com.ben.util.ResourceCloser - connection closed
08:20:49.693 [main] INFO  com.ben.util.ResourceCloser - statement closed
08:21:25.944 [main] INFO  com.ben.client.AppUI - the welcome page of customer
08:21:26.919 [main] INFO  com.ben.client.AppUI - the login page of customer
08:21:28.061 [main] INFO  c.b.r.CustomerRepositoryImpl - sql query, select * from customers_table
08:21:28.904 [main] INFO  com.ben.util.ConnectionFactory - connection to db successful
08:21:28.936 [main] INFO  com.ben.util.ResourceCloser - connection closed
08:21:28.936 [main] INFO  com.ben.util.ResourceCloser - set closed
08:21:28.936 [main] INFO  com.ben.util.ResourceCloser - statement closed
08:21:28.936 [main] INFO  c.b.r.CustomerRepositoryImpl - sql query, select * from customers_table
08:21:29.119 [main] INFO  com.ben.util.ConnectionFactory - connection to db successful
08:21:29.131 [main] INFO  com.ben.util.ResourceCloser - connection closed
08:21:29.131 [main] INFO  com.ben.util.ResourceCloser - set closed
08:21:29.132 [main] INFO  com.ben.util.ResourceCloser - statement closed
08:21:29.132 [main] INFO  c.b.repository.WalletRepositoryImpl - sql query, select * from accounts_table where account_to_customer_id = customer.getCustomerID()
08:21:29.320 [main] INFO  com.ben.util.ConnectionFactory - connection to db successful
08:21:29.334 [main] INFO  com.ben.util.ResourceCloser - connection closed
08:21:29.334 [main] INFO  com.ben.util.ResourceCloser - set closed
08:21:29.334 [main] INFO  com.ben.util.ResourceCloser - statement closed
08:21:41.618 [main] INFO  com.ben.client.AppUI - the welcome page of customer
08:21:44.279 [main] INFO  com.ben.client.AppUI - the login page of customer
08:21:45.699 [main] INFO  c.b.r.CustomerRepositoryImpl - sql query, select * from customers_table
08:21:46.565 [main] INFO  com.ben.util.ConnectionFactory - connection to db successful
08:21:46.595 [main] INFO  com.ben.util.ResourceCloser - connection closed
08:21:46.595 [main] INFO  com.ben.util.ResourceCloser - set closed
08:21:46.595 [main] INFO  com.ben.util.ResourceCloser - statement closed
08:21:46.595 [main] INFO  c.b.r.CustomerRepositoryImpl - sql query, select * from customers_table
08:21:46.795 [main] INFO  com.ben.util.ConnectionFactory - connection to db successful
08:21:46.809 [main] INFO  com.ben.util.ResourceCloser - connection closed
08:21:46.809 [main] INFO  com.ben.util.ResourceCloser - set closed
08:21:46.809 [main] INFO  com.ben.util.ResourceCloser - statement closed
08:21:46.809 [main] INFO  c.b.repository.WalletRepositoryImpl - sql query, select * from accounts_table where account_to_customer_id = customer.getCustomerID()
08:21:47.012 [main] INFO  com.ben.util.ConnectionFactory - connection to db successful
08:21:47.028 [main] INFO  com.ben.util.ResourceCloser - connection closed
08:21:47.028 [main] INFO  com.ben.util.ResourceCloser - set closed
08:21:47.028 [main] INFO  com.ben.util.ResourceCloser - statement closed
08:22:09.226 [main] INFO  c.b.repository.WalletRepositoryImpl - sql query, update accounts_table set account_funds = account_funds - ? where account_username = ? 
08:22:09.397 [main] INFO  com.ben.util.ConnectionFactory - connection to db successful
08:22:09.416 [main] INFO  com.ben.util.ResourceCloser - connection closed
08:22:09.416 [main] INFO  com.ben.util.ResourceCloser - statement closed
08:22:09.416 [main] INFO  c.b.repository.WalletRepositoryImpl - sql query, update accounts_table set account_funds = account_funds + ? where account_username = ? 
08:22:09.594 [main] INFO  com.ben.util.ConnectionFactory - connection to db successful
08:22:09.609 [main] INFO  com.ben.util.ResourceCloser - connection closed
08:22:09.609 [main] INFO  com.ben.util.ResourceCloser - statement closed
08:22:16.709 [main] INFO  c.b.repository.WalletRepositoryImpl - sql query, select * from accounts_table where account_to_customer_id = customer.getCustomerID()
08:22:16.898 [main] INFO  com.ben.util.ConnectionFactory - connection to db successful
08:22:16.910 [main] INFO  com.ben.util.ResourceCloser - connection closed
08:22:16.910 [main] INFO  com.ben.util.ResourceCloser - set closed
08:22:16.910 [main] INFO  com.ben.util.ResourceCloser - statement closed
08:22:43.951 [main] INFO  com.ben.client.AppUI - the welcome page of customer
08:23:16.235 [main] INFO  c.b.r.EmployeeRepositoryImpl - sql query, select * from employees_table
08:23:17.080 [main] INFO  com.ben.util.ConnectionFactory - connection to db successful
08:23:17.111 [main] INFO  com.ben.util.ResourceCloser - connection closed
08:23:17.112 [main] INFO  com.ben.util.ResourceCloser - set closed
08:23:17.112 [main] INFO  com.ben.util.ResourceCloser - statement closed
08:23:19.333 [main] INFO  c.b.repository.WalletRepositoryImpl - sql query, select * from profile_table_accounts_table
08:23:19.528 [main] INFO  com.ben.util.ConnectionFactory - connection to db successful
08:23:19.542 [main] INFO  com.ben.util.ResourceCloser - connection closed
08:23:19.542 [main] INFO  com.ben.util.ResourceCloser - set closed
08:23:19.542 [main] INFO  com.ben.util.ResourceCloser - statement closed
08:23:24.752 [main] INFO  c.b.repository.WalletRepositoryImpl - sql query, select * from accounts_table
08:23:24.950 [main] INFO  com.ben.util.ConnectionFactory - connection to db successful
08:23:24.965 [main] INFO  com.ben.util.ResourceCloser - connection closed
08:23:24.965 [main] INFO  com.ben.util.ResourceCloser - set closed
08:23:24.965 [main] INFO  com.ben.util.ResourceCloser - statement closed
08:23:30.062 [main] INFO  c.b.r.CustomerRepositoryImpl - sql query, select * from customers_table
08:23:30.294 [main] INFO  com.ben.util.ConnectionFactory - connection to db successful
08:23:30.311 [main] INFO  com.ben.util.ResourceCloser - connection closed
08:23:30.311 [main] INFO  com.ben.util.ResourceCloser - set closed
08:23:30.311 [main] INFO  com.ben.util.ResourceCloser - statement closed
08:23:40.091 [main] INFO  c.b.repository.WalletRepositoryImpl - sql query, select * from accounts_table
08:23:40.298 [main] INFO  com.ben.util.ConnectionFactory - connection to db successful
08:23:40.312 [main] INFO  com.ben.util.ResourceCloser - connection closed
08:23:40.312 [main] INFO  com.ben.util.ResourceCloser - set closed
08:23:40.312 [main] INFO  com.ben.util.ResourceCloser - statement closed
08:23:45.719 [main] INFO  com.ben.client.AppUI - the welcome page of customer
12:12:08.421 [main] INFO  com.ben.client.AppUI - the welcome page of customer
12:12:10.700 [main] INFO  com.ben.client.AppUI - the login page of customer
12:12:12.324 [main] INFO  c.b.r.CustomerRepositoryImpl - sql query, select * from customers_table
12:12:13.657 [main] INFO  com.ben.util.ConnectionFactory - connection to db successful
12:12:13.687 [main] INFO  com.ben.util.ResourceCloser - connection closed
12:12:13.688 [main] INFO  com.ben.util.ResourceCloser - set closed
12:12:13.688 [main] INFO  com.ben.util.ResourceCloser - statement closed
12:12:13.688 [main] INFO  c.b.r.CustomerRepositoryImpl - sql query, select * from customers_table
12:12:13.907 [main] INFO  com.ben.util.ConnectionFactory - connection to db successful
12:12:13.922 [main] INFO  com.ben.util.ResourceCloser - connection closed
12:12:13.922 [main] INFO  com.ben.util.ResourceCloser - set closed
12:12:13.922 [main] INFO  com.ben.util.ResourceCloser - statement closed
12:12:13.922 [main] INFO  c.b.repository.WalletRepositoryImpl - sql query, select * from accounts_table where account_to_customer_id = customer.getCustomerID()
12:12:14.145 [main] INFO  com.ben.util.ConnectionFactory - connection to db successful
12:12:14.163 [main] INFO  com.ben.util.ResourceCloser - connection closed
12:12:14.163 [main] INFO  com.ben.util.ResourceCloser - set closed
12:12:14.163 [main] INFO  com.ben.util.ResourceCloser - statement closed
12:12:25.096 [main] INFO  c.b.r.CustomerRepositoryImpl - sql query, select * from profiles_table where profile_to_customers_id = customerID
12:12:25.321 [main] INFO  com.ben.util.ConnectionFactory - connection to db successful
12:12:25.338 [main] INFO  com.ben.util.ResourceCloser - connection closed
12:12:25.338 [main] INFO  com.ben.util.ResourceCloser - set closed
12:12:25.338 [main] INFO  com.ben.util.ResourceCloser - statement closed
12:12:29.976 [main] INFO  c.b.repository.WalletRepositoryImpl - sql query, select * from accounts_table where account_to_customer_id = customer.getCustomerID()
12:12:30.186 [main] INFO  com.ben.util.ConnectionFactory - connection to db successful
12:12:30.202 [main] INFO  com.ben.util.ResourceCloser - connection closed
12:12:30.203 [main] INFO  com.ben.util.ResourceCloser - set closed
12:12:30.203 [main] INFO  com.ben.util.ResourceCloser - statement closed
12:12:30.203 [main] INFO  c.b.repository.WalletRepositoryImpl - sql query, select * from profile_table_accounts_table where profile_username = profileName
12:12:30.393 [main] INFO  com.ben.util.ConnectionFactory - connection to db successful
12:12:30.406 [main] INFO  com.ben.util.ResourceCloser - connection closed
12:12:30.406 [main] INFO  com.ben.util.ResourceCloser - set closed
12:12:30.406 [main] INFO  com.ben.util.ResourceCloser - statement closed
12:12:35.043 [main] INFO  c.b.repository.CoffeeRepositoryImpl - sql query, select * from coffees_table
12:12:35.269 [main] INFO  com.ben.util.ConnectionFactory - connection to db successful
12:12:35.292 [main] INFO  com.ben.util.ResourceCloser - connection closed
12:12:35.293 [main] INFO  com.ben.util.ResourceCloser - set closed
12:12:35.293 [main] INFO  com.ben.util.ResourceCloser - statement closed
12:12:57.864 [main] INFO  c.b.r.CustomerRepositoryImpl - sql query, select * from profiles_table where profile_to_customers_id = customerID
12:12:58.111 [main] INFO  com.ben.util.ConnectionFactory - connection to db successful
12:12:58.127 [main] INFO  com.ben.util.ResourceCloser - connection closed
12:12:58.127 [main] INFO  com.ben.util.ResourceCloser - set closed
12:12:58.127 [main] INFO  com.ben.util.ResourceCloser - statement closed
12:13:04.350 [main] INFO  c.b.repository.WalletRepositoryImpl - sql query, select * from accounts_table where account_to_customer_id = customer.getCustomerID()
12:13:04.556 [main] INFO  com.ben.util.ConnectionFactory - connection to db successful
12:13:04.572 [main] INFO  com.ben.util.ResourceCloser - connection closed
12:13:04.572 [main] INFO  com.ben.util.ResourceCloser - set closed
12:13:04.572 [main] INFO  com.ben.util.ResourceCloser - statement closed
12:13:04.573 [main] INFO  c.b.repository.WalletRepositoryImpl - sql query, select * from profile_table_accounts_table where profile_username = profileName
12:13:04.761 [main] INFO  com.ben.util.ConnectionFactory - connection to db successful
12:13:04.775 [main] INFO  com.ben.util.ResourceCloser - connection closed
12:13:04.775 [main] INFO  com.ben.util.ResourceCloser - set closed
12:13:04.775 [main] INFO  com.ben.util.ResourceCloser - statement closed
12:13:16.658 [main] INFO  c.b.r.CustomerRepositoryImpl - sql query, select * from profiles_table where profile_to_customers_id = customerID
12:13:16.857 [main] INFO  com.ben.util.ConnectionFactory - connection to db successful
12:13:16.871 [main] INFO  com.ben.util.ResourceCloser - connection closed
12:13:16.871 [main] INFO  com.ben.util.ResourceCloser - set closed
12:13:16.871 [main] INFO  com.ben.util.ResourceCloser - statement closed
12:13:20.095 [main] INFO  c.b.repository.WalletRepositoryImpl - sql query, select * from accounts_table where account_to_customer_id = customer.getCustomerID()
12:13:20.313 [main] INFO  com.ben.util.ConnectionFactory - connection to db successful
12:13:20.326 [main] INFO  com.ben.util.ResourceCloser - connection closed
12:13:20.326 [main] INFO  com.ben.util.ResourceCloser - set closed
12:13:20.326 [main] INFO  com.ben.util.ResourceCloser - statement closed
12:13:40.453 [main] INFO  c.b.r.CustomerRepositoryImpl - sql query, select * from profiles_table where profile_to_customers_id = customerID
12:13:40.652 [main] INFO  com.ben.util.ConnectionFactory - connection to db successful
12:13:40.664 [main] INFO  com.ben.util.ResourceCloser - connection closed
12:13:40.664 [main] INFO  com.ben.util.ResourceCloser - set closed
12:13:40.664 [main] INFO  com.ben.util.ResourceCloser - statement closed
12:13:44.355 [main] INFO  c.b.repository.WalletRepositoryImpl - sql query, insert into profile_table_accounts_table values(?, ?);
12:13:44.558 [main] INFO  com.ben.util.ConnectionFactory - connection to db successful
12:13:44.582 [main] INFO  com.ben.util.ResourceCloser - connection closed
12:13:44.582 [main] INFO  com.ben.util.ResourceCloser - statement closed
12:13:48.341 [main] INFO  c.b.repository.WalletRepositoryImpl - sql query, select * from accounts_table where account_to_customer_id = customer.getCustomerID()
12:13:48.539 [main] INFO  com.ben.util.ConnectionFactory - connection to db successful
12:13:48.554 [main] INFO  com.ben.util.ResourceCloser - connection closed
12:13:48.554 [main] INFO  com.ben.util.ResourceCloser - set closed
12:13:48.554 [main] INFO  com.ben.util.ResourceCloser - statement closed
12:13:49.865 [main] INFO  c.b.r.CustomerRepositoryImpl - sql query, select * from profiles_table where profile_to_customers_id = customerID
12:13:50.070 [main] INFO  com.ben.util.ConnectionFactory - connection to db successful
12:13:50.085 [main] INFO  com.ben.util.ResourceCloser - connection closed
12:13:50.085 [main] INFO  com.ben.util.ResourceCloser - set closed
12:13:50.085 [main] INFO  com.ben.util.ResourceCloser - statement closed
12:13:53.603 [main] INFO  c.b.repository.WalletRepositoryImpl - sql query, select * from accounts_table where account_to_customer_id = customer.getCustomerID()
12:13:53.815 [main] INFO  com.ben.util.ConnectionFactory - connection to db successful
12:13:53.831 [main] INFO  com.ben.util.ResourceCloser - connection closed
12:13:53.831 [main] INFO  com.ben.util.ResourceCloser - set closed
12:13:53.831 [main] INFO  com.ben.util.ResourceCloser - statement closed
12:13:53.831 [main] INFO  c.b.repository.WalletRepositoryImpl - sql query, select * from profile_table_accounts_table where profile_username = profileName
12:13:54.012 [main] INFO  com.ben.util.ConnectionFactory - connection to db successful
12:13:54.027 [main] INFO  com.ben.util.ResourceCloser - connection closed
12:13:54.028 [main] INFO  com.ben.util.ResourceCloser - set closed
12:13:54.028 [main] INFO  com.ben.util.ResourceCloser - statement closed
12:14:06.324 [main] INFO  c.b.repository.CoffeeRepositoryImpl - sql query, select * from coffees_table
12:14:06.523 [main] INFO  com.ben.util.ConnectionFactory - connection to db successful
12:14:06.537 [main] INFO  com.ben.util.ResourceCloser - connection closed
12:14:06.537 [main] INFO  com.ben.util.ResourceCloser - set closed
12:14:06.537 [main] INFO  com.ben.util.ResourceCloser - statement closed
12:14:12.226 [main] INFO  c.b.r.CustomerRepositoryImpl - sql query, select * from profiles_table where profile_to_customers_id = customerID
12:14:12.437 [main] INFO  com.ben.util.ConnectionFactory - connection to db successful
12:14:12.449 [main] INFO  com.ben.util.ResourceCloser - connection closed
12:14:12.449 [main] INFO  com.ben.util.ResourceCloser - set closed
12:14:12.449 [main] INFO  com.ben.util.ResourceCloser - statement closed
12:14:15.538 [main] INFO  c.b.repository.WalletRepositoryImpl - sql query, select * from accounts_table where account_to_customer_id = customer.getCustomerID()
12:14:15.750 [main] INFO  com.ben.util.ConnectionFactory - connection to db successful
12:14:15.765 [main] INFO  com.ben.util.ResourceCloser - connection closed
12:14:15.766 [main] INFO  com.ben.util.ResourceCloser - set closed
12:14:15.766 [main] INFO  com.ben.util.ResourceCloser - statement closed
12:14:17.930 [main] INFO  com.ben.client.AppUI - the welcome page of customer
12:22:26.968 [main] INFO  com.ben.client.AppUI - the login page of customer
12:22:29.425 [main] INFO  c.b.r.CustomerRepositoryImpl - sql query, select * from customers_table
12:22:29.684 [main] INFO  com.ben.util.ConnectionFactory - connection to db successful
12:22:29.700 [main] INFO  com.ben.util.ResourceCloser - connection closed
12:22:29.700 [main] INFO  com.ben.util.ResourceCloser - set closed
12:22:29.700 [main] INFO  com.ben.util.ResourceCloser - statement closed
12:22:29.700 [main] INFO  c.b.r.CustomerRepositoryImpl - sql query, select * from customers_table
12:22:29.937 [main] INFO  com.ben.util.ConnectionFactory - connection to db successful
12:22:29.955 [main] INFO  com.ben.util.ResourceCloser - connection closed
12:22:29.955 [main] INFO  com.ben.util.ResourceCloser - set closed
12:22:29.955 [main] INFO  com.ben.util.ResourceCloser - statement closed
12:22:29.955 [main] INFO  c.b.repository.WalletRepositoryImpl - sql query, select * from accounts_table where account_to_customer_id = customer.getCustomerID()
12:22:30.172 [main] INFO  com.ben.util.ConnectionFactory - connection to db successful
12:22:30.189 [main] INFO  com.ben.util.ResourceCloser - connection closed
12:22:30.189 [main] INFO  com.ben.util.ResourceCloser - set closed
12:22:30.189 [main] INFO  com.ben.util.ResourceCloser - statement closed
12:22:40.707 [main] INFO  com.ben.client.AppUI - the welcome page of customer
12:23:02.297 [main] INFO  com.ben.client.AppUI - the register page of customer
12:23:06.796 [main] INFO  com.ben.client.AppUI - the welcome page of customer
12:23:18.959 [main] INFO  com.ben.client.AppUI - the welcome page of customer
12:23:38.711 [main] INFO  c.b.r.CustomerRepositoryImpl - sql query, select * from customers_table
12:23:39.497 [main] INFO  com.ben.util.ConnectionFactory - connection to db successful
12:23:39.528 [main] INFO  com.ben.util.ResourceCloser - connection closed
12:23:39.529 [main] INFO  com.ben.util.ResourceCloser - set closed
12:23:39.529 [main] INFO  com.ben.util.ResourceCloser - statement closed
12:23:39.529 [main] INFO  com.ben.client.AppUI - the welcome page of customer
12:32:16.277 [main] INFO  com.ben.client.AppUI - the welcome page of customer
12:49:08.065 [main] INFO  com.ben.client.AppUI - the login page of customer
12:49:12.233 [main] INFO  c.b.r.CustomerRepositoryImpl - sql query, select * from customers_table
12:49:13.019 [main] INFO  com.ben.util.ConnectionFactory - connection to db successful
12:49:13.046 [main] INFO  com.ben.util.ResourceCloser - connection closed
12:49:13.047 [main] INFO  com.ben.util.ResourceCloser - set closed
12:49:13.047 [main] INFO  com.ben.util.ResourceCloser - statement closed
12:49:13.047 [main] INFO  c.b.r.CustomerRepositoryImpl - sql query, select * from customers_table
12:49:13.274 [main] INFO  com.ben.util.ConnectionFactory - connection to db successful
12:49:13.290 [main] INFO  com.ben.util.ResourceCloser - connection closed
12:49:13.290 [main] INFO  com.ben.util.ResourceCloser - set closed
12:49:13.290 [main] INFO  com.ben.util.ResourceCloser - statement closed
12:49:13.290 [main] INFO  c.b.repository.WalletRepositoryImpl - sql query, select * from accounts_table where account_to_customer_id = customer.getCustomerID()
12:49:13.475 [main] INFO  com.ben.util.ConnectionFactory - connection to db successful
12:49:13.488 [main] INFO  com.ben.util.ResourceCloser - connection closed
12:49:13.488 [main] INFO  com.ben.util.ResourceCloser - set closed
12:49:13.488 [main] INFO  com.ben.util.ResourceCloser - statement closed
12:49:23.308 [main] INFO  c.b.r.CustomerRepositoryImpl - sql query, select * from profiles_table where profile_to_customers_id = customerID
12:49:23.495 [main] INFO  com.ben.util.ConnectionFactory - connection to db successful
12:49:23.507 [main] INFO  com.ben.util.ResourceCloser - connection closed
12:49:23.508 [main] INFO  com.ben.util.ResourceCloser - set closed
12:49:23.508 [main] INFO  com.ben.util.ResourceCloser - statement closed
12:49:29.128 [main] INFO  c.b.repository.WalletRepositoryImpl - sql query, select * from accounts_table where account_to_customer_id = customer.getCustomerID()
12:49:29.318 [main] INFO  com.ben.util.ConnectionFactory - connection to db successful
12:49:29.335 [main] INFO  com.ben.util.ResourceCloser - connection closed
12:49:29.335 [main] INFO  com.ben.util.ResourceCloser - set closed
12:49:29.335 [main] INFO  com.ben.util.ResourceCloser - statement closed
12:49:29.335 [main] INFO  c.b.repository.WalletRepositoryImpl - sql query, select * from profile_table_accounts_table where profile_username = profileName
12:49:29.518 [main] INFO  com.ben.util.ConnectionFactory - connection to db successful
12:49:29.532 [main] INFO  com.ben.util.ResourceCloser - connection closed
12:49:29.532 [main] INFO  com.ben.util.ResourceCloser - set closed
12:49:29.532 [main] INFO  com.ben.util.ResourceCloser - statement closed
12:49:35.830 [main] INFO  c.b.repository.CoffeeRepositoryImpl - sql query, select * from coffees_table
12:49:36.040 [main] INFO  com.ben.util.ConnectionFactory - connection to db successful
12:49:36.054 [main] INFO  com.ben.util.ResourceCloser - connection closed
12:49:36.054 [main] INFO  com.ben.util.ResourceCloser - set closed
12:49:36.054 [main] INFO  com.ben.util.ResourceCloser - statement closed
12:50:00.006 [main] INFO  c.b.repository.CoffeeRepositoryImpl - sql query, select * from coffees_table
12:50:00.304 [main] INFO  com.ben.util.ConnectionFactory - connection to db successful
12:50:00.321 [main] INFO  com.ben.util.ResourceCloser - connection closed
12:50:00.321 [main] INFO  com.ben.util.ResourceCloser - set closed
12:50:00.321 [main] INFO  com.ben.util.ResourceCloser - statement closed
12:50:06.183 [main] INFO  c.b.repository.WalletRepositoryImpl - sql query, update accounts_table set account_funds = account_funds - ? where account_username = ? 
12:50:06.381 [main] INFO  com.ben.util.ConnectionFactory - connection to db successful
12:50:06.401 [main] INFO  com.ben.util.ResourceCloser - connection closed
12:50:06.401 [main] INFO  com.ben.util.ResourceCloser - statement closed
12:50:16.031 [main] INFO  c.b.r.CustomerRepositoryImpl - sql query, select * from profiles_table where profile_to_customers_id = customerID
12:50:16.213 [main] INFO  com.ben.util.ConnectionFactory - connection to db successful
12:50:16.226 [main] INFO  com.ben.util.ResourceCloser - connection closed
12:50:16.227 [main] INFO  com.ben.util.ResourceCloser - set closed
12:50:16.227 [main] INFO  com.ben.util.ResourceCloser - statement closed
12:50:20.173 [main] INFO  c.b.repository.WalletRepositoryImpl - sql query, select * from accounts_table where account_to_customer_id = customer.getCustomerID()
12:50:20.385 [main] INFO  com.ben.util.ConnectionFactory - connection to db successful
12:50:20.400 [main] INFO  com.ben.util.ResourceCloser - connection closed
12:50:20.400 [main] INFO  com.ben.util.ResourceCloser - set closed
12:50:20.400 [main] INFO  com.ben.util.ResourceCloser - statement closed
12:50:42.277 [main] INFO  c.b.repository.ProfileRepositoryImpl - sql query, insert into profiles_table (profile_to_customers_id, profile_username, profile_isMainProfile) values(?, ?, ?)
12:50:42.530 [main] INFO  com.ben.util.ConnectionFactory - connection to db successful
12:50:42.549 [main] INFO  com.ben.util.ResourceCloser - connection closed
12:50:42.549 [main] INFO  com.ben.util.ResourceCloser - statement closed
12:50:42.549 [main] INFO  c.b.repository.WalletRepositoryImpl - sql query, select * from accounts_table where account_to_customer_id = customer.getCustomerID()
12:50:42.754 [main] INFO  com.ben.util.ConnectionFactory - connection to db successful
12:50:42.769 [main] INFO  com.ben.util.ResourceCloser - connection closed
12:50:42.769 [main] INFO  com.ben.util.ResourceCloser - set closed
12:50:42.769 [main] INFO  com.ben.util.ResourceCloser - statement closed
12:50:53.246 [main] INFO  c.b.r.CustomerRepositoryImpl - sql query, select * from profiles_table where profile_to_customers_id = customerID
12:50:53.473 [main] INFO  com.ben.util.ConnectionFactory - connection to db successful
12:50:53.489 [main] INFO  com.ben.util.ResourceCloser - connection closed
12:50:53.489 [main] INFO  com.ben.util.ResourceCloser - set closed
12:50:53.489 [main] INFO  com.ben.util.ResourceCloser - statement closed
12:50:57.508 [main] INFO  c.b.repository.WalletRepositoryImpl - sql query, select * from accounts_table where account_to_customer_id = customer.getCustomerID()
12:50:57.737 [main] INFO  com.ben.util.ConnectionFactory - connection to db successful
12:50:57.753 [main] INFO  com.ben.util.ResourceCloser - connection closed
12:50:57.753 [main] INFO  com.ben.util.ResourceCloser - set closed
12:50:57.753 [main] INFO  com.ben.util.ResourceCloser - statement closed
12:50:57.753 [main] INFO  c.b.repository.WalletRepositoryImpl - sql query, select * from profile_table_accounts_table where profile_username = profileName
12:50:57.978 [main] INFO  com.ben.util.ConnectionFactory - connection to db successful
12:50:57.995 [main] INFO  com.ben.util.ResourceCloser - connection closed
12:50:57.995 [main] INFO  com.ben.util.ResourceCloser - set closed
12:50:57.995 [main] INFO  com.ben.util.ResourceCloser - statement closed
12:51:02.556 [main] INFO  c.b.repository.CoffeeRepositoryImpl - sql query, select * from coffees_table
12:51:02.744 [main] INFO  com.ben.util.ConnectionFactory - connection to db successful
12:51:02.763 [main] INFO  com.ben.util.ResourceCloser - connection closed
12:51:02.763 [main] INFO  com.ben.util.ResourceCloser - set closed
12:51:02.764 [main] INFO  com.ben.util.ResourceCloser - statement closed
12:51:11.852 [main] INFO  c.b.r.CustomerRepositoryImpl - sql query, select * from profiles_table where profile_to_customers_id = customerID
12:51:12.036 [main] INFO  com.ben.util.ConnectionFactory - connection to db successful
12:51:12.048 [main] INFO  com.ben.util.ResourceCloser - connection closed
12:51:12.049 [main] INFO  com.ben.util.ResourceCloser - set closed
12:51:12.049 [main] INFO  com.ben.util.ResourceCloser - statement closed
12:51:14.870 [main] INFO  c.b.repository.WalletRepositoryImpl - sql query, select * from accounts_table where account_to_customer_id = customer.getCustomerID()
12:51:15.089 [main] INFO  com.ben.util.ConnectionFactory - connection to db successful
12:51:15.102 [main] INFO  com.ben.util.ResourceCloser - connection closed
12:51:15.102 [main] INFO  com.ben.util.ResourceCloser - set closed
12:51:15.102 [main] INFO  com.ben.util.ResourceCloser - statement closed
12:51:43.985 [main] INFO  c.b.repository.WalletRepositoryImpl - sql query, select * from accounts_table where account_to_customer_id = customer.getCustomerID()
12:51:44.205 [main] INFO  com.ben.util.ConnectionFactory - connection to db successful
12:51:44.221 [main] INFO  com.ben.util.ResourceCloser - connection closed
12:51:44.221 [main] INFO  com.ben.util.ResourceCloser - set closed
12:51:44.221 [main] INFO  com.ben.util.ResourceCloser - statement closed
12:51:57.353 [main] INFO  c.b.repository.WalletRepositoryImpl - sql query, update accounts_table set account_funds = account_funds + ? where account_username = ? 
12:51:57.601 [main] INFO  com.ben.util.ConnectionFactory - connection to db successful
12:51:57.618 [main] INFO  com.ben.util.ResourceCloser - connection closed
12:51:57.618 [main] INFO  com.ben.util.ResourceCloser - statement closed
12:52:01.859 [main] INFO  c.b.repository.WalletRepositoryImpl - sql query, select * from accounts_table where account_to_customer_id = customer.getCustomerID()
12:52:02.144 [main] INFO  com.ben.util.ConnectionFactory - connection to db successful
12:52:02.160 [main] INFO  com.ben.util.ResourceCloser - connection closed
12:52:02.160 [main] INFO  com.ben.util.ResourceCloser - set closed
12:52:02.160 [main] INFO  com.ben.util.ResourceCloser - statement closed
12:52:34.808 [main] INFO  c.b.r.CustomerRepositoryImpl - sql query, select * from profiles_table where profile_to_customers_id = customerID
12:52:35.036 [main] INFO  com.ben.util.ConnectionFactory - connection to db successful
12:52:35.052 [main] INFO  com.ben.util.ResourceCloser - connection closed
12:52:35.052 [main] INFO  com.ben.util.ResourceCloser - set closed
12:52:35.052 [main] INFO  com.ben.util.ResourceCloser - statement closed
12:52:38.826 [main] INFO  c.b.repository.WalletRepositoryImpl - sql query, insert into profile_table_accounts_table values(?, ?);
12:52:39.016 [main] INFO  com.ben.util.ConnectionFactory - connection to db successful
12:52:39.033 [main] INFO  com.ben.util.ResourceCloser - connection closed
12:52:39.033 [main] INFO  com.ben.util.ResourceCloser - statement closed
12:53:04.394 [main] INFO  c.b.repository.WalletRepositoryImpl - sql query, update accounts_table set account_funds = account_funds - ? where account_username = ? 
12:53:04.587 [main] INFO  com.ben.util.ConnectionFactory - connection to db successful
12:53:04.602 [main] INFO  com.ben.util.ResourceCloser - connection closed
12:53:04.602 [main] INFO  com.ben.util.ResourceCloser - statement closed
12:53:04.602 [main] INFO  c.b.repository.WalletRepositoryImpl - sql query, update accounts_table set account_funds = account_funds + ? where account_username = ? 
12:53:04.826 [main] INFO  com.ben.util.ConnectionFactory - connection to db successful
12:53:04.848 [main] INFO  com.ben.util.ResourceCloser - connection closed
12:53:04.849 [main] INFO  com.ben.util.ResourceCloser - statement closed
12:53:09.418 [main] INFO  c.b.repository.WalletRepositoryImpl - sql query, select * from accounts_table where account_to_customer_id = customer.getCustomerID()
12:53:09.615 [main] INFO  com.ben.util.ConnectionFactory - connection to db successful
12:53:09.627 [main] INFO  com.ben.util.ResourceCloser - connection closed
12:53:09.627 [main] INFO  com.ben.util.ResourceCloser - set closed
12:53:09.627 [main] INFO  com.ben.util.ResourceCloser - statement closed
12:53:42.562 [main] INFO  c.b.repository.WalletRepositoryImpl - sql query, insert into profile_table_accounts_table values(?, ?);
12:53:42.799 [main] INFO  com.ben.util.ConnectionFactory - connection to db successful
12:53:42.814 [main] INFO  com.ben.util.ResourceCloser - connection closed
12:53:42.814 [main] INFO  com.ben.util.ResourceCloser - statement closed
12:53:47.570 [main] INFO  c.b.repository.WalletRepositoryImpl - sql query, select * from accounts_table where account_to_customer_id = customer.getCustomerID()
12:53:47.762 [main] INFO  com.ben.util.ConnectionFactory - connection to db successful
12:53:47.774 [main] INFO  com.ben.util.ResourceCloser - connection closed
12:53:47.775 [main] INFO  com.ben.util.ResourceCloser - set closed
12:53:47.775 [main] INFO  com.ben.util.ResourceCloser - statement closed
12:53:53.658 [main] INFO  c.b.repository.WalletRepositoryImpl - sql query, select * from accounts_table where account_to_customer_id = customer.getCustomerID()
12:53:53.853 [main] INFO  com.ben.util.ConnectionFactory - connection to db successful
12:53:53.867 [main] INFO  com.ben.util.ResourceCloser - connection closed
12:53:53.867 [main] INFO  com.ben.util.ResourceCloser - set closed
12:53:53.867 [main] INFO  com.ben.util.ResourceCloser - statement closed
12:54:10.615 [main] INFO  com.ben.client.AppUI - the welcome page of customer
12:54:20.700 [main] INFO  c.b.r.EmployeeRepositoryImpl - sql query, select * from employees_table
12:54:20.929 [main] INFO  com.ben.util.ConnectionFactory - connection to db successful
12:54:20.943 [main] INFO  com.ben.util.ResourceCloser - connection closed
12:54:20.943 [main] INFO  com.ben.util.ResourceCloser - set closed
12:54:20.943 [main] INFO  com.ben.util.ResourceCloser - statement closed
12:54:35.348 [main] INFO  c.b.repository.WalletRepositoryImpl - sql query, select * from profile_table_accounts_table
12:54:35.532 [main] INFO  com.ben.util.ConnectionFactory - connection to db successful
12:54:35.543 [main] INFO  com.ben.util.ResourceCloser - connection closed
12:54:35.543 [main] INFO  com.ben.util.ResourceCloser - set closed
12:54:35.543 [main] INFO  com.ben.util.ResourceCloser - statement closed
12:54:44.609 [main] INFO  c.b.repository.WalletRepositoryImpl - sql query, select * from accounts_table
12:54:44.792 [main] INFO  com.ben.util.ConnectionFactory - connection to db successful
12:54:44.805 [main] INFO  com.ben.util.ResourceCloser - connection closed
12:54:44.805 [main] INFO  com.ben.util.ResourceCloser - set closed
12:54:44.805 [main] INFO  com.ben.util.ResourceCloser - statement closed
12:54:53.367 [main] INFO  c.b.r.CustomerRepositoryImpl - sql query, select * from customers_table
12:54:53.598 [main] INFO  com.ben.util.ConnectionFactory - connection to db successful
12:54:53.613 [main] INFO  com.ben.util.ResourceCloser - connection closed
12:54:53.613 [main] INFO  com.ben.util.ResourceCloser - set closed
12:54:53.613 [main] INFO  com.ben.util.ResourceCloser - statement closed
12:55:10.010 [main] INFO  c.b.repository.WalletRepositoryImpl - sql query, select * from accounts_table
12:55:10.237 [main] INFO  com.ben.util.ConnectionFactory - connection to db successful
12:55:10.256 [main] INFO  com.ben.util.ResourceCloser - connection closed
12:55:10.256 [main] INFO  com.ben.util.ResourceCloser - set closed
12:55:10.256 [main] INFO  com.ben.util.ResourceCloser - statement closed
12:55:13.397 [main] INFO  c.b.repository.WalletRepositoryImpl - sql query, delete from accounts_table where account_username = ?
12:55:13.618 [main] INFO  com.ben.util.ConnectionFactory - connection to db successful
12:55:13.636 [main] INFO  com.ben.util.ResourceCloser - connection closed
12:55:13.636 [main] INFO  com.ben.util.ResourceCloser - statement closed
12:55:25.674 [main] INFO  c.b.repository.WalletRepositoryImpl - sql query, select * from accounts_table
12:55:25.895 [main] INFO  com.ben.util.ConnectionFactory - connection to db successful
12:55:25.909 [main] INFO  com.ben.util.ResourceCloser - connection closed
12:55:25.909 [main] INFO  com.ben.util.ResourceCloser - set closed
12:55:25.909 [main] INFO  com.ben.util.ResourceCloser - statement closed
12:55:31.233 [main] INFO  c.b.repository.WalletRepositoryImpl - sql query, delete from accounts_table where account_username = ?
12:55:31.431 [main] INFO  com.ben.util.ConnectionFactory - connection to db successful
12:55:31.444 [main] INFO  com.ben.util.ResourceCloser - connection closed
12:55:31.444 [main] INFO  com.ben.util.ResourceCloser - statement closed
12:55:43.125 [main] INFO  c.b.repository.WalletRepositoryImpl - sql query, select * from accounts_table
12:55:43.318 [main] INFO  com.ben.util.ConnectionFactory - connection to db successful
12:55:43.332 [main] INFO  com.ben.util.ResourceCloser - connection closed
12:55:43.332 [main] INFO  com.ben.util.ResourceCloser - set closed
12:55:43.332 [main] INFO  com.ben.util.ResourceCloser - statement closed
12:55:46.121 [main] INFO  c.b.repository.WalletRepositoryImpl - sql query, delete from accounts_table where account_username = ?
12:55:46.320 [main] INFO  com.ben.util.ConnectionFactory - connection to db successful
12:55:46.334 [main] INFO  com.ben.util.ResourceCloser - connection closed
12:55:46.335 [main] INFO  com.ben.util.ResourceCloser - statement closed
12:55:50.168 [main] INFO  com.ben.client.AppUI - the welcome page of customer
12:56:14.654 [main] INFO  c.b.r.EmployeeRepositoryImpl - sql query, select * from employees_table
12:56:14.876 [main] INFO  com.ben.util.ConnectionFactory - connection to db successful
12:56:14.907 [main] INFO  com.ben.util.ResourceCloser - connection closed
12:56:14.907 [main] INFO  com.ben.util.ResourceCloser - set closed
12:56:14.907 [main] INFO  com.ben.util.ResourceCloser - statement closed
12:56:21.907 [main] INFO  c.b.repository.WalletRepositoryImpl - sql query, select * from accounts_table
12:56:22.106 [main] INFO  com.ben.util.ConnectionFactory - connection to db successful
12:56:22.120 [main] INFO  com.ben.util.ResourceCloser - connection closed
12:56:22.120 [main] INFO  com.ben.util.ResourceCloser - set closed
12:56:22.120 [main] INFO  com.ben.util.ResourceCloser - statement closed
12:56:24.672 [main] INFO  c.b.repository.WalletRepositoryImpl - sql query, delete from accounts_table where account_username = ?
12:56:24.853 [main] INFO  com.ben.util.ConnectionFactory - connection to db successful
12:56:24.868 [main] INFO  com.ben.util.ResourceCloser - connection closed
12:56:24.868 [main] INFO  com.ben.util.ResourceCloser - statement closed
12:56:39.980 [main] INFO  c.b.repository.WalletRepositoryImpl - sql query, select * from accounts_table
12:56:40.188 [main] INFO  com.ben.util.ConnectionFactory - connection to db successful
12:56:40.204 [main] INFO  com.ben.util.ResourceCloser - connection closed
12:56:40.204 [main] INFO  com.ben.util.ResourceCloser - set closed
12:56:40.204 [main] INFO  com.ben.util.ResourceCloser - statement closed
12:57:09.872 [main] INFO  c.b.repository.WalletRepositoryImpl - sql query, update accounts_table set account_funds = account_funds + ? where account_username = ?, admin version 
12:57:10.077 [main] INFO  com.ben.util.ConnectionFactory - connection to db successful
12:57:10.091 [main] INFO  com.ben.util.ResourceCloser - connection closed
12:57:10.091 [main] INFO  com.ben.util.ResourceCloser - statement closed
12:57:13.334 [main] INFO  c.b.repository.WalletRepositoryImpl - sql query, select * from accounts_table
12:57:13.550 [main] INFO  com.ben.util.ConnectionFactory - connection to db successful
12:57:13.565 [main] INFO  com.ben.util.ResourceCloser - connection closed
12:57:13.565 [main] INFO  com.ben.util.ResourceCloser - set closed
12:57:13.565 [main] INFO  com.ben.util.ResourceCloser - statement closed
12:57:41.633 [main] INFO  c.b.repository.WalletRepositoryImpl - sql query, update accounts_table set account_funds = account_funds + ? where account_username = ?, admin version 
12:57:41.839 [main] INFO  com.ben.util.ConnectionFactory - connection to db successful
12:57:41.853 [main] INFO  com.ben.util.ResourceCloser - connection closed
12:57:41.853 [main] INFO  com.ben.util.ResourceCloser - statement closed
12:57:48.276 [main] INFO  c.b.r.CustomerRepositoryImpl - sql query, select * from customers_table
12:57:48.491 [main] INFO  com.ben.util.ConnectionFactory - connection to db successful
12:57:48.506 [main] INFO  com.ben.util.ResourceCloser - connection closed
12:57:48.506 [main] INFO  com.ben.util.ResourceCloser - set closed
12:57:48.506 [main] INFO  com.ben.util.ResourceCloser - statement closed
12:58:05.675 [main] INFO  c.b.r.CustomerRepositoryImpl - sql query, update customers_table set customer_username = ?, customer_password = ? where customer_id = ?
12:58:05.896 [main] INFO  com.ben.util.ConnectionFactory - connection to db successful
12:58:05.912 [main] INFO  com.ben.util.ResourceCloser - connection closed
12:58:05.912 [main] INFO  com.ben.util.ResourceCloser - statement closed
12:58:05.912 [main] INFO  c.b.r.CustomerRepositoryImpl - sql query, select * from customers_table
12:58:06.091 [main] INFO  com.ben.util.ConnectionFactory - connection to db successful
12:58:06.103 [main] INFO  com.ben.util.ResourceCloser - connection closed
12:58:06.103 [main] INFO  com.ben.util.ResourceCloser - set closed
12:58:06.103 [main] INFO  com.ben.util.ResourceCloser - statement closed
12:58:13.683 [main] INFO  com.ben.client.AppUI - the welcome page of customer
12:58:17.714 [main] INFO  com.ben.client.AppUI - the register page of customer
12:58:21.161 [main] INFO  com.ben.client.AppUI - the register page of customer
12:58:30.745 [main] INFO  c.b.r.CustomerRepositoryImpl - sql query, insert into customers_table (customer_username, customer_password) values(?, ?)
12:58:30.968 [main] INFO  com.ben.util.ConnectionFactory - connection to db successful
12:58:30.987 [main] INFO  com.ben.util.ResourceCloser - connection closed
12:58:30.987 [main] INFO  com.ben.util.ResourceCloser - statement closed
12:58:30.987 [main] INFO  com.ben.client.AppUI - the register page of customer
12:58:36.136 [main] INFO  com.ben.client.AppUI - the welcome page of customer
12:58:39.969 [main] INFO  com.ben.client.AppUI - the login page of customer
12:58:42.576 [main] INFO  c.b.r.CustomerRepositoryImpl - sql query, select * from customers_table
12:58:42.765 [main] INFO  com.ben.util.ConnectionFactory - connection to db successful
12:58:42.777 [main] INFO  com.ben.util.ResourceCloser - connection closed
12:58:42.777 [main] INFO  com.ben.util.ResourceCloser - set closed
12:58:42.777 [main] INFO  com.ben.util.ResourceCloser - statement closed
12:58:42.777 [main] INFO  c.b.r.CustomerRepositoryImpl - sql query, select * from customers_table
12:58:42.955 [main] INFO  com.ben.util.ConnectionFactory - connection to db successful
12:58:42.967 [main] INFO  com.ben.util.ResourceCloser - connection closed
12:58:42.967 [main] INFO  com.ben.util.ResourceCloser - set closed
12:58:42.967 [main] INFO  com.ben.util.ResourceCloser - statement closed
12:58:42.968 [main] INFO  c.b.repository.WalletRepositoryImpl - sql query, select * from accounts_table where account_to_customer_id = customer.getCustomerID()
12:58:43.197 [main] INFO  com.ben.util.ConnectionFactory - connection to db successful
12:58:43.214 [main] INFO  com.ben.util.ResourceCloser - connection closed
12:58:43.214 [main] INFO  com.ben.util.ResourceCloser - set closed
12:58:43.214 [main] INFO  com.ben.util.ResourceCloser - statement closed
12:59:00.944 [main] INFO  com.ben.client.AppUI - the welcome page of customer
19:38:06.667 [main] INFO  com.ben.client.AppUI - the welcome page of customer
19:40:33.686 [main] INFO  com.ben.client.AppUI - the welcome page of customer
19:40:36.818 [main] INFO  com.ben.client.AppUI - the login page of customer
19:40:38.620 [main] INFO  c.b.r.CustomerRepositoryImpl - sql query, select * from customers_table
19:40:39.441 [main] INFO  com.ben.util.ConnectionFactory - connection to db successful
19:40:39.472 [main] INFO  com.ben.util.ResourceCloser - connection closed
19:40:39.473 [main] INFO  com.ben.util.ResourceCloser - set closed
19:40:39.473 [main] INFO  com.ben.util.ResourceCloser - statement closed
19:40:39.473 [main] INFO  c.b.r.CustomerRepositoryImpl - sql query, select * from customers_table
19:40:39.684 [main] INFO  com.ben.util.ConnectionFactory - connection to db successful
19:40:39.699 [main] INFO  com.ben.util.ResourceCloser - connection closed
19:40:39.699 [main] INFO  com.ben.util.ResourceCloser - set closed
19:40:39.699 [main] INFO  com.ben.util.ResourceCloser - statement closed
19:40:39.699 [main] INFO  c.b.repository.WalletRepositoryImpl - sql query, select * from accounts_table where account_to_customer_id = customer.getCustomerID()
19:40:39.884 [main] INFO  com.ben.util.ConnectionFactory - connection to db successful
19:40:39.897 [main] INFO  com.ben.util.ResourceCloser - connection closed
19:40:39.897 [main] INFO  com.ben.util.ResourceCloser - set closed
19:40:39.897 [main] INFO  com.ben.util.ResourceCloser - statement closed
19:40:47.730 [main] INFO  c.b.repository.WalletRepositoryImpl - sql query, select * from accounts_table where account_to_customer_id = customer.getCustomerID()
19:40:47.911 [main] INFO  com.ben.util.ConnectionFactory - connection to db successful
19:40:47.923 [main] INFO  com.ben.util.ResourceCloser - connection closed
19:40:47.923 [main] INFO  com.ben.util.ResourceCloser - set closed
19:40:47.923 [main] INFO  com.ben.util.ResourceCloser - statement closed
19:43:06.455 [main] INFO  com.ben.client.AppUI - the welcome page of customer
19:43:07.684 [main] INFO  c.b.r.CustomerRepositoryImpl - sql query, select * from customers_table
19:43:08.480 [main] INFO  com.ben.util.ConnectionFactory - connection to db successful
19:43:08.511 [main] INFO  com.ben.util.ResourceCloser - connection closed
19:43:08.511 [main] INFO  com.ben.util.ResourceCloser - set closed
19:43:08.512 [main] INFO  com.ben.util.ResourceCloser - statement closed
19:43:08.512 [main] INFO  com.ben.client.AppUI - the welcome page of customer
20:10:44.505 [main] INFO  com.ben.client.AppUI - the welcome page of customer
20:10:45.960 [main] INFO  com.ben.client.AppUI - the login page of customer
20:10:47.718 [main] INFO  c.b.r.CustomerRepositoryImpl - sql query, select * from customers_table
20:10:48.489 [main] INFO  com.ben.util.ConnectionFactory - connection to db successful
20:10:48.519 [main] INFO  com.ben.util.ResourceCloser - connection closed
20:10:48.519 [main] INFO  com.ben.util.ResourceCloser - set closed
20:10:48.519 [main] INFO  com.ben.util.ResourceCloser - statement closed
20:10:48.519 [main] INFO  c.b.r.CustomerRepositoryImpl - sql query, select * from customers_table
20:10:48.732 [main] INFO  com.ben.util.ConnectionFactory - connection to db successful
20:10:48.748 [main] INFO  com.ben.util.ResourceCloser - connection closed
20:10:48.748 [main] INFO  com.ben.util.ResourceCloser - set closed
20:10:48.748 [main] INFO  com.ben.util.ResourceCloser - statement closed
20:10:48.748 [main] INFO  c.b.repository.WalletRepositoryImpl - sql query, select * from accounts_table where account_to_customer_id = customer.getCustomerID()
20:10:48.948 [main] INFO  com.ben.util.ConnectionFactory - connection to db successful
20:10:48.963 [main] INFO  com.ben.util.ResourceCloser - connection closed
20:10:48.963 [main] INFO  com.ben.util.ResourceCloser - set closed
20:10:48.963 [main] INFO  com.ben.util.ResourceCloser - statement closed
20:10:50.178 [main] INFO  com.ben.client.AppUI - the welcome page of customer
